2025-05-29 16:36:10 [ERROR] unhandledRejection: Access denied for user 'reynrel01'@'localhost' (using password: YES)
Error: Access denied for user 'reynrel01'@'localhost' (using password: YES)
    at Packet.asError (Z:\Visual_Codes\jagya_const\backend\node_modules\mysql2\lib\packets\packet.js:740:17)
    at ClientHandshake.execute (Z:\Visual_Codes\jagya_const\backend\node_modules\mysql2\lib\commands\command.js:29:26)
    at PoolConnection.handlePacket (Z:\Visual_Codes\jagya_const\backend\node_modules\mysql2\lib\base\connection.js:475:34)
    at PacketParser.onPacket (Z:\Visual_Codes\jagya_const\backend\node_modules\mysql2\lib\base\connection.js:93:12)
    at PacketParser.executeStart (Z:\Visual_Codes\jagya_const\backend\node_modules\mysql2\lib\packet_parser.js:75:16)
    at Socket.<anonymous> (Z:\Visual_Codes\jagya_const\backend\node_modules\mysql2\lib\base\connection.js:100:25)
    at Socket.emit (node:events:518:28)
    at addChunk (node:internal/streams/readable:561:12)
    at readableAddChunkPushByteMode (node:internal/streams/readable:512:3)
    at Readable.push (node:internal/streams/readable:392:5)
Error: Access denied for user 'reynrel01'@'localhost' (using password: YES)
    at Packet.asError (Z:\Visual_Codes\jagya_const\backend\node_modules\mysql2\lib\packets\packet.js:740:17)
    at ClientHandshake.execute (Z:\Visual_Codes\jagya_const\backend\node_modules\mysql2\lib\commands\command.js:29:26)
    at PoolConnection.handlePacket (Z:\Visual_Codes\jagya_const\backend\node_modules\mysql2\lib\base\connection.js:475:34)
    at PacketParser.onPacket (Z:\Visual_Codes\jagya_const\backend\node_modules\mysql2\lib\base\connection.js:93:12)
    at PacketParser.executeStart (Z:\Visual_Codes\jagya_const\backend\node_modules\mysql2\lib\packet_parser.js:75:16)
    at Socket.<anonymous> (Z:\Visual_Codes\jagya_const\backend\node_modules\mysql2\lib\base\connection.js:100:25)
    at Socket.emit (node:events:518:28)
    at addChunk (node:internal/streams/readable:561:12)
    at readableAddChunkPushByteMode (node:internal/streams/readable:512:3)
    at Readable.push (node:internal/streams/readable:392:5)
{
  error: Error: Access denied for user 'reynrel01'@'localhost' (using password: YES)
      at Packet.asError (Z:\Visual_Codes\jagya_const\backend\node_modules\mysql2\lib\packets\packet.js:740:17)
      at ClientHandshake.execute (Z:\Visual_Codes\jagya_const\backend\node_modules\mysql2\lib\commands\command.js:29:26)
      at PoolConnection.handlePacket (Z:\Visual_Codes\jagya_const\backend\node_modules\mysql2\lib\base\connection.js:475:34)
      at PacketParser.onPacket (Z:\Visual_Codes\jagya_const\backend\node_modules\mysql2\lib\base\connection.js:93:12)
      at PacketParser.executeStart (Z:\Visual_Codes\jagya_const\backend\node_modules\mysql2\lib\packet_parser.js:75:16)
      at Socket.<anonymous> (Z:\Visual_Codes\jagya_const\backend\node_modules\mysql2\lib\base\connection.js:100:25)
      at Socket.emit (node:events:518:28)
      at addChunk (node:internal/streams/readable:561:12)
      at readableAddChunkPushByteMode (node:internal/streams/readable:512:3)
      at Readable.push (node:internal/streams/readable:392:5) {
    code: 'ER_ACCESS_DENIED_ERROR',
    errno: 1045,
    sqlState: '28000',
    sqlMessage: "Access denied for user 'reynrel01'@'localhost' (using password: YES)",
    sql: undefined
  },
  rejection: true,
  date: 'Thu May 29 2025 16:36:10 GMT+0530 (India Standard Time)',
  process: {
    pid: 13208,
    uid: null,
    gid: null,
    cwd: 'Z:\\Visual_Codes\\jagya_const\\backend',
    execPath: 'C:\\Program Files\\nodejs\\node.exe',
    version: 'v22.11.0',
    argv: [
      'C:\\Program Files\\nodejs\\node.exe',
      'Z:\\Visual_Codes\\jagya_const\\backend\\app.js'
    ],
    memoryUsage: {
      rss: 105328640,
      heapTotal: 71245824,
      heapUsed: 40302056,
      external: 2334497,
      arrayBuffers: 17437
    }
  },
  os: { loadavg: [ 0, 0, 0 ], uptime: 8352.656 },
  trace: [
    {
      column: 17,
      file: 'Z:\\Visual_Codes\\jagya_const\\backend\\node_modules\\mysql2\\lib\\packets\\packet.js',
      function: 'Packet.asError',
      line: 740,
      method: 'asError',
      native: false
    },
    {
      column: 26,
      file: 'Z:\\Visual_Codes\\jagya_const\\backend\\node_modules\\mysql2\\lib\\commands\\command.js',
      function: 'ClientHandshake.execute',
      line: 29,
      method: 'execute',
      native: false
    },
    {
      column: 34,
      file: 'Z:\\Visual_Codes\\jagya_const\\backend\\node_modules\\mysql2\\lib\\base\\connection.js',
      function: 'PoolConnection.handlePacket',
      line: 475,
      method: 'handlePacket',
      native: false
    },
    {
      column: 12,
      file: 'Z:\\Visual_Codes\\jagya_const\\backend\\node_modules\\mysql2\\lib\\base\\connection.js',
      function: 'PacketParser.onPacket',
      line: 93,
      method: 'onPacket',
      native: false
    },
    {
      column: 16,
      file: 'Z:\\Visual_Codes\\jagya_const\\backend\\node_modules\\mysql2\\lib\\packet_parser.js',
      function: 'PacketParser.executeStart',
      line: 75,
      method: 'executeStart',
      native: false
    },
    {
      column: 25,
      file: 'Z:\\Visual_Codes\\jagya_const\\backend\\node_modules\\mysql2\\lib\\base\\connection.js',
      function: null,
      line: 100,
      method: null,
      native: false
    },
    {
      column: 28,
      file: 'node:events',
      function: 'Socket.emit',
      line: 518,
      method: 'emit',
      native: false
    },
    {
      column: 12,
      file: 'node:internal/streams/readable',
      function: 'addChunk',
      line: 561,
      method: null,
      native: false
    },
    {
      column: 3,
      file: 'node:internal/streams/readable',
      function: 'readableAddChunkPushByteMode',
      line: 512,
      method: null,
      native: false
    },
    {
      column: 5,
      file: 'node:internal/streams/readable',
      function: 'Readable.push',
      line: 392,
      method: 'push',
      native: false
    }
  ],
  [Symbol(level)]: 'error'
}
2025-05-29 16:38:41 [ERROR] unhandledRejection: Access denied for user 'reynrel01'@'localhost' (using password: YES)
Error: Access denied for user 'reynrel01'@'localhost' (using password: YES)
    at Packet.asError (Z:\Visual_Codes\jagya_const\backend\node_modules\mysql2\lib\packets\packet.js:740:17)
    at ClientHandshake.execute (Z:\Visual_Codes\jagya_const\backend\node_modules\mysql2\lib\commands\command.js:29:26)
    at PoolConnection.handlePacket (Z:\Visual_Codes\jagya_const\backend\node_modules\mysql2\lib\base\connection.js:475:34)
    at PacketParser.onPacket (Z:\Visual_Codes\jagya_const\backend\node_modules\mysql2\lib\base\connection.js:93:12)
    at PacketParser.executeStart (Z:\Visual_Codes\jagya_const\backend\node_modules\mysql2\lib\packet_parser.js:75:16)
    at Socket.<anonymous> (Z:\Visual_Codes\jagya_const\backend\node_modules\mysql2\lib\base\connection.js:100:25)
    at Socket.emit (node:events:518:28)
    at addChunk (node:internal/streams/readable:561:12)
    at readableAddChunkPushByteMode (node:internal/streams/readable:512:3)
    at Readable.push (node:internal/streams/readable:392:5)
Error: Access denied for user 'reynrel01'@'localhost' (using password: YES)
    at Packet.asError (Z:\Visual_Codes\jagya_const\backend\node_modules\mysql2\lib\packets\packet.js:740:17)
    at ClientHandshake.execute (Z:\Visual_Codes\jagya_const\backend\node_modules\mysql2\lib\commands\command.js:29:26)
    at PoolConnection.handlePacket (Z:\Visual_Codes\jagya_const\backend\node_modules\mysql2\lib\base\connection.js:475:34)
    at PacketParser.onPacket (Z:\Visual_Codes\jagya_const\backend\node_modules\mysql2\lib\base\connection.js:93:12)
    at PacketParser.executeStart (Z:\Visual_Codes\jagya_const\backend\node_modules\mysql2\lib\packet_parser.js:75:16)
    at Socket.<anonymous> (Z:\Visual_Codes\jagya_const\backend\node_modules\mysql2\lib\base\connection.js:100:25)
    at Socket.emit (node:events:518:28)
    at addChunk (node:internal/streams/readable:561:12)
    at readableAddChunkPushByteMode (node:internal/streams/readable:512:3)
    at Readable.push (node:internal/streams/readable:392:5)
{
  error: Error: Access denied for user 'reynrel01'@'localhost' (using password: YES)
      at Packet.asError (Z:\Visual_Codes\jagya_const\backend\node_modules\mysql2\lib\packets\packet.js:740:17)
      at ClientHandshake.execute (Z:\Visual_Codes\jagya_const\backend\node_modules\mysql2\lib\commands\command.js:29:26)
      at PoolConnection.handlePacket (Z:\Visual_Codes\jagya_const\backend\node_modules\mysql2\lib\base\connection.js:475:34)
      at PacketParser.onPacket (Z:\Visual_Codes\jagya_const\backend\node_modules\mysql2\lib\base\connection.js:93:12)
      at PacketParser.executeStart (Z:\Visual_Codes\jagya_const\backend\node_modules\mysql2\lib\packet_parser.js:75:16)
      at Socket.<anonymous> (Z:\Visual_Codes\jagya_const\backend\node_modules\mysql2\lib\base\connection.js:100:25)
      at Socket.emit (node:events:518:28)
      at addChunk (node:internal/streams/readable:561:12)
      at readableAddChunkPushByteMode (node:internal/streams/readable:512:3)
      at Readable.push (node:internal/streams/readable:392:5) {
    code: 'ER_ACCESS_DENIED_ERROR',
    errno: 1045,
    sqlState: '28000',
    sqlMessage: "Access denied for user 'reynrel01'@'localhost' (using password: YES)",
    sql: undefined
  },
  rejection: true,
  date: 'Thu May 29 2025 16:38:41 GMT+0530 (India Standard Time)',
  process: {
    pid: 8308,
    uid: null,
    gid: null,
    cwd: 'Z:\\Visual_Codes\\jagya_const\\backend',
    execPath: 'C:\\Program Files\\nodejs\\node.exe',
    version: 'v22.11.0',
    argv: [
      'C:\\Program Files\\nodejs\\node.exe',
      'Z:\\Visual_Codes\\jagya_const\\backend\\app.js'
    ],
    memoryUsage: {
      rss: 106291200,
      heapTotal: 72384512,
      heapUsed: 41140144,
      external: 2334497,
      arrayBuffers: 17437
    }
  },
  os: { loadavg: [ 0, 0, 0 ], uptime: 8504.546 },
  trace: [
    {
      column: 17,
      file: 'Z:\\Visual_Codes\\jagya_const\\backend\\node_modules\\mysql2\\lib\\packets\\packet.js',
      function: 'Packet.asError',
      line: 740,
      method: 'asError',
      native: false
    },
    {
      column: 26,
      file: 'Z:\\Visual_Codes\\jagya_const\\backend\\node_modules\\mysql2\\lib\\commands\\command.js',
      function: 'ClientHandshake.execute',
      line: 29,
      method: 'execute',
      native: false
    },
    {
      column: 34,
      file: 'Z:\\Visual_Codes\\jagya_const\\backend\\node_modules\\mysql2\\lib\\base\\connection.js',
      function: 'PoolConnection.handlePacket',
      line: 475,
      method: 'handlePacket',
      native: false
    },
    {
      column: 12,
      file: 'Z:\\Visual_Codes\\jagya_const\\backend\\node_modules\\mysql2\\lib\\base\\connection.js',
      function: 'PacketParser.onPacket',
      line: 93,
      method: 'onPacket',
      native: false
    },
    {
      column: 16,
      file: 'Z:\\Visual_Codes\\jagya_const\\backend\\node_modules\\mysql2\\lib\\packet_parser.js',
      function: 'PacketParser.executeStart',
      line: 75,
      method: 'executeStart',
      native: false
    },
    {
      column: 25,
      file: 'Z:\\Visual_Codes\\jagya_const\\backend\\node_modules\\mysql2\\lib\\base\\connection.js',
      function: null,
      line: 100,
      method: null,
      native: false
    },
    {
      column: 28,
      file: 'node:events',
      function: 'Socket.emit',
      line: 518,
      method: 'emit',
      native: false
    },
    {
      column: 12,
      file: 'node:internal/streams/readable',
      function: 'addChunk',
      line: 561,
      method: null,
      native: false
    },
    {
      column: 3,
      file: 'node:internal/streams/readable',
      function: 'readableAddChunkPushByteMode',
      line: 512,
      method: null,
      native: false
    },
    {
      column: 5,
      file: 'node:internal/streams/readable',
      function: 'Readable.push',
      line: 392,
      method: 'push',
      native: false
    }
  ],
  [Symbol(level)]: 'error'
}
2025-05-29 16:39:11 [ERROR] unhandledRejection: Access denied for user 'reynrel01'@'localhost' (using password: YES)
Error: Access denied for user 'reynrel01'@'localhost' (using password: YES)
    at Packet.asError (Z:\Visual_Codes\jagya_const\backend\node_modules\mysql2\lib\packets\packet.js:740:17)
    at ClientHandshake.execute (Z:\Visual_Codes\jagya_const\backend\node_modules\mysql2\lib\commands\command.js:29:26)
    at PoolConnection.handlePacket (Z:\Visual_Codes\jagya_const\backend\node_modules\mysql2\lib\base\connection.js:475:34)
    at PacketParser.onPacket (Z:\Visual_Codes\jagya_const\backend\node_modules\mysql2\lib\base\connection.js:93:12)
    at PacketParser.executeStart (Z:\Visual_Codes\jagya_const\backend\node_modules\mysql2\lib\packet_parser.js:75:16)
    at Socket.<anonymous> (Z:\Visual_Codes\jagya_const\backend\node_modules\mysql2\lib\base\connection.js:100:25)
    at Socket.emit (node:events:518:28)
    at addChunk (node:internal/streams/readable:561:12)
    at readableAddChunkPushByteMode (node:internal/streams/readable:512:3)
    at Readable.push (node:internal/streams/readable:392:5)
Error: Access denied for user 'reynrel01'@'localhost' (using password: YES)
    at Packet.asError (Z:\Visual_Codes\jagya_const\backend\node_modules\mysql2\lib\packets\packet.js:740:17)
    at ClientHandshake.execute (Z:\Visual_Codes\jagya_const\backend\node_modules\mysql2\lib\commands\command.js:29:26)
    at PoolConnection.handlePacket (Z:\Visual_Codes\jagya_const\backend\node_modules\mysql2\lib\base\connection.js:475:34)
    at PacketParser.onPacket (Z:\Visual_Codes\jagya_const\backend\node_modules\mysql2\lib\base\connection.js:93:12)
    at PacketParser.executeStart (Z:\Visual_Codes\jagya_const\backend\node_modules\mysql2\lib\packet_parser.js:75:16)
    at Socket.<anonymous> (Z:\Visual_Codes\jagya_const\backend\node_modules\mysql2\lib\base\connection.js:100:25)
    at Socket.emit (node:events:518:28)
    at addChunk (node:internal/streams/readable:561:12)
    at readableAddChunkPushByteMode (node:internal/streams/readable:512:3)
    at Readable.push (node:internal/streams/readable:392:5)
{
  error: Error: Access denied for user 'reynrel01'@'localhost' (using password: YES)
      at Packet.asError (Z:\Visual_Codes\jagya_const\backend\node_modules\mysql2\lib\packets\packet.js:740:17)
      at ClientHandshake.execute (Z:\Visual_Codes\jagya_const\backend\node_modules\mysql2\lib\commands\command.js:29:26)
      at PoolConnection.handlePacket (Z:\Visual_Codes\jagya_const\backend\node_modules\mysql2\lib\base\connection.js:475:34)
      at PacketParser.onPacket (Z:\Visual_Codes\jagya_const\backend\node_modules\mysql2\lib\base\connection.js:93:12)
      at PacketParser.executeStart (Z:\Visual_Codes\jagya_const\backend\node_modules\mysql2\lib\packet_parser.js:75:16)
      at Socket.<anonymous> (Z:\Visual_Codes\jagya_const\backend\node_modules\mysql2\lib\base\connection.js:100:25)
      at Socket.emit (node:events:518:28)
      at addChunk (node:internal/streams/readable:561:12)
      at readableAddChunkPushByteMode (node:internal/streams/readable:512:3)
      at Readable.push (node:internal/streams/readable:392:5) {
    code: 'ER_ACCESS_DENIED_ERROR',
    errno: 1045,
    sqlState: '28000',
    sqlMessage: "Access denied for user 'reynrel01'@'localhost' (using password: YES)",
    sql: undefined
  },
  rejection: true,
  date: 'Thu May 29 2025 16:39:11 GMT+0530 (India Standard Time)',
  process: {
    pid: 5536,
    uid: null,
    gid: null,
    cwd: 'Z:\\Visual_Codes\\jagya_const\\backend',
    execPath: 'C:\\Program Files\\nodejs\\node.exe',
    version: 'v22.11.0',
    argv: [
      'C:\\Program Files\\nodejs\\node.exe',
      'Z:\\Visual_Codes\\jagya_const\\backend\\app.js'
    ],
    memoryUsage: {
      rss: 106332160,
      heapTotal: 72441856,
      heapUsed: 41160352,
      external: 2334497,
      arrayBuffers: 17437
    }
  },
  os: { loadavg: [ 0, 0, 0 ], uptime: 8534.609 },
  trace: [
    {
      column: 17,
      file: 'Z:\\Visual_Codes\\jagya_const\\backend\\node_modules\\mysql2\\lib\\packets\\packet.js',
      function: 'Packet.asError',
      line: 740,
      method: 'asError',
      native: false
    },
    {
      column: 26,
      file: 'Z:\\Visual_Codes\\jagya_const\\backend\\node_modules\\mysql2\\lib\\commands\\command.js',
      function: 'ClientHandshake.execute',
      line: 29,
      method: 'execute',
      native: false
    },
    {
      column: 34,
      file: 'Z:\\Visual_Codes\\jagya_const\\backend\\node_modules\\mysql2\\lib\\base\\connection.js',
      function: 'PoolConnection.handlePacket',
      line: 475,
      method: 'handlePacket',
      native: false
    },
    {
      column: 12,
      file: 'Z:\\Visual_Codes\\jagya_const\\backend\\node_modules\\mysql2\\lib\\base\\connection.js',
      function: 'PacketParser.onPacket',
      line: 93,
      method: 'onPacket',
      native: false
    },
    {
      column: 16,
      file: 'Z:\\Visual_Codes\\jagya_const\\backend\\node_modules\\mysql2\\lib\\packet_parser.js',
      function: 'PacketParser.executeStart',
      line: 75,
      method: 'executeStart',
      native: false
    },
    {
      column: 25,
      file: 'Z:\\Visual_Codes\\jagya_const\\backend\\node_modules\\mysql2\\lib\\base\\connection.js',
      function: null,
      line: 100,
      method: null,
      native: false
    },
    {
      column: 28,
      file: 'node:events',
      function: 'Socket.emit',
      line: 518,
      method: 'emit',
      native: false
    },
    {
      column: 12,
      file: 'node:internal/streams/readable',
      function: 'addChunk',
      line: 561,
      method: null,
      native: false
    },
    {
      column: 3,
      file: 'node:internal/streams/readable',
      function: 'readableAddChunkPushByteMode',
      line: 512,
      method: null,
      native: false
    },
    {
      column: 5,
      file: 'node:internal/streams/readable',
      function: 'Readable.push',
      line: 392,
      method: 'push',
      native: false
    }
  ],
  [Symbol(level)]: 'error'
}
2025-05-29 16:42:04 [ERROR] unhandledRejection: Access denied for user 'reynrel01'@'localhost' (using password: YES)
Error: Access denied for user 'reynrel01'@'localhost' (using password: YES)
    at Packet.asError (Z:\Visual_Codes\jagya_const\backend\node_modules\mysql2\lib\packets\packet.js:740:17)
    at ClientHandshake.execute (Z:\Visual_Codes\jagya_const\backend\node_modules\mysql2\lib\commands\command.js:29:26)
    at PoolConnection.handlePacket (Z:\Visual_Codes\jagya_const\backend\node_modules\mysql2\lib\base\connection.js:475:34)
    at PacketParser.onPacket (Z:\Visual_Codes\jagya_const\backend\node_modules\mysql2\lib\base\connection.js:93:12)
    at PacketParser.executeStart (Z:\Visual_Codes\jagya_const\backend\node_modules\mysql2\lib\packet_parser.js:75:16)
    at Socket.<anonymous> (Z:\Visual_Codes\jagya_const\backend\node_modules\mysql2\lib\base\connection.js:100:25)
    at Socket.emit (node:events:518:28)
    at addChunk (node:internal/streams/readable:561:12)
    at readableAddChunkPushByteMode (node:internal/streams/readable:512:3)
    at Readable.push (node:internal/streams/readable:392:5)
Error: Access denied for user 'reynrel01'@'localhost' (using password: YES)
    at Packet.asError (Z:\Visual_Codes\jagya_const\backend\node_modules\mysql2\lib\packets\packet.js:740:17)
    at ClientHandshake.execute (Z:\Visual_Codes\jagya_const\backend\node_modules\mysql2\lib\commands\command.js:29:26)
    at PoolConnection.handlePacket (Z:\Visual_Codes\jagya_const\backend\node_modules\mysql2\lib\base\connection.js:475:34)
    at PacketParser.onPacket (Z:\Visual_Codes\jagya_const\backend\node_modules\mysql2\lib\base\connection.js:93:12)
    at PacketParser.executeStart (Z:\Visual_Codes\jagya_const\backend\node_modules\mysql2\lib\packet_parser.js:75:16)
    at Socket.<anonymous> (Z:\Visual_Codes\jagya_const\backend\node_modules\mysql2\lib\base\connection.js:100:25)
    at Socket.emit (node:events:518:28)
    at addChunk (node:internal/streams/readable:561:12)
    at readableAddChunkPushByteMode (node:internal/streams/readable:512:3)
    at Readable.push (node:internal/streams/readable:392:5)
{
  error: Error: Access denied for user 'reynrel01'@'localhost' (using password: YES)
      at Packet.asError (Z:\Visual_Codes\jagya_const\backend\node_modules\mysql2\lib\packets\packet.js:740:17)
      at ClientHandshake.execute (Z:\Visual_Codes\jagya_const\backend\node_modules\mysql2\lib\commands\command.js:29:26)
      at PoolConnection.handlePacket (Z:\Visual_Codes\jagya_const\backend\node_modules\mysql2\lib\base\connection.js:475:34)
      at PacketParser.onPacket (Z:\Visual_Codes\jagya_const\backend\node_modules\mysql2\lib\base\connection.js:93:12)
      at PacketParser.executeStart (Z:\Visual_Codes\jagya_const\backend\node_modules\mysql2\lib\packet_parser.js:75:16)
      at Socket.<anonymous> (Z:\Visual_Codes\jagya_const\backend\node_modules\mysql2\lib\base\connection.js:100:25)
      at Socket.emit (node:events:518:28)
      at addChunk (node:internal/streams/readable:561:12)
      at readableAddChunkPushByteMode (node:internal/streams/readable:512:3)
      at Readable.push (node:internal/streams/readable:392:5) {
    code: 'ER_ACCESS_DENIED_ERROR',
    errno: 1045,
    sqlState: '28000',
    sqlMessage: "Access denied for user 'reynrel01'@'localhost' (using password: YES)",
    sql: undefined
  },
  rejection: true,
  date: 'Thu May 29 2025 16:42:04 GMT+0530 (India Standard Time)',
  process: {
    pid: 10928,
    uid: null,
    gid: null,
    cwd: 'Z:\\Visual_Codes\\jagya_const\\backend',
    execPath: 'C:\\Program Files\\nodejs\\node.exe',
    version: 'v22.11.0',
    argv: [
      'C:\\Program Files\\nodejs\\node.exe',
      'Z:\\Visual_Codes\\jagya_const\\backend\\app.js'
    ],
    memoryUsage: {
      rss: 105848832,
      heapTotal: 71974912,
      heapUsed: 40853240,
      external: 2334497,
      arrayBuffers: 17437
    }
  },
  os: { loadavg: [ 0, 0, 0 ], uptime: 8707.015 },
  trace: [
    {
      column: 17,
      file: 'Z:\\Visual_Codes\\jagya_const\\backend\\node_modules\\mysql2\\lib\\packets\\packet.js',
      function: 'Packet.asError',
      line: 740,
      method: 'asError',
      native: false
    },
    {
      column: 26,
      file: 'Z:\\Visual_Codes\\jagya_const\\backend\\node_modules\\mysql2\\lib\\commands\\command.js',
      function: 'ClientHandshake.execute',
      line: 29,
      method: 'execute',
      native: false
    },
    {
      column: 34,
      file: 'Z:\\Visual_Codes\\jagya_const\\backend\\node_modules\\mysql2\\lib\\base\\connection.js',
      function: 'PoolConnection.handlePacket',
      line: 475,
      method: 'handlePacket',
      native: false
    },
    {
      column: 12,
      file: 'Z:\\Visual_Codes\\jagya_const\\backend\\node_modules\\mysql2\\lib\\base\\connection.js',
      function: 'PacketParser.onPacket',
      line: 93,
      method: 'onPacket',
      native: false
    },
    {
      column: 16,
      file: 'Z:\\Visual_Codes\\jagya_const\\backend\\node_modules\\mysql2\\lib\\packet_parser.js',
      function: 'PacketParser.executeStart',
      line: 75,
      method: 'executeStart',
      native: false
    },
    {
      column: 25,
      file: 'Z:\\Visual_Codes\\jagya_const\\backend\\node_modules\\mysql2\\lib\\base\\connection.js',
      function: null,
      line: 100,
      method: null,
      native: false
    },
    {
      column: 28,
      file: 'node:events',
      function: 'Socket.emit',
      line: 518,
      method: 'emit',
      native: false
    },
    {
      column: 12,
      file: 'node:internal/streams/readable',
      function: 'addChunk',
      line: 561,
      method: null,
      native: false
    },
    {
      column: 3,
      file: 'node:internal/streams/readable',
      function: 'readableAddChunkPushByteMode',
      line: 512,
      method: null,
      native: false
    },
    {
      column: 5,
      file: 'node:internal/streams/readable',
      function: 'Readable.push',
      line: 392,
      method: 'push',
      native: false
    }
  ],
  [Symbol(level)]: 'error'
}
2025-05-29 16:42:11 [ERROR] unhandledRejection: Access denied for user 'reynrel01'@'localhost' (using password: YES)
Error: Access denied for user 'reynrel01'@'localhost' (using password: YES)
    at Packet.asError (Z:\Visual_Codes\jagya_const\backend\node_modules\mysql2\lib\packets\packet.js:740:17)
    at ClientHandshake.execute (Z:\Visual_Codes\jagya_const\backend\node_modules\mysql2\lib\commands\command.js:29:26)
    at PoolConnection.handlePacket (Z:\Visual_Codes\jagya_const\backend\node_modules\mysql2\lib\base\connection.js:475:34)
    at PacketParser.onPacket (Z:\Visual_Codes\jagya_const\backend\node_modules\mysql2\lib\base\connection.js:93:12)
    at PacketParser.executeStart (Z:\Visual_Codes\jagya_const\backend\node_modules\mysql2\lib\packet_parser.js:75:16)
    at Socket.<anonymous> (Z:\Visual_Codes\jagya_const\backend\node_modules\mysql2\lib\base\connection.js:100:25)
    at Socket.emit (node:events:518:28)
    at addChunk (node:internal/streams/readable:561:12)
    at readableAddChunkPushByteMode (node:internal/streams/readable:512:3)
    at Readable.push (node:internal/streams/readable:392:5)
Error: Access denied for user 'reynrel01'@'localhost' (using password: YES)
    at Packet.asError (Z:\Visual_Codes\jagya_const\backend\node_modules\mysql2\lib\packets\packet.js:740:17)
    at ClientHandshake.execute (Z:\Visual_Codes\jagya_const\backend\node_modules\mysql2\lib\commands\command.js:29:26)
    at PoolConnection.handlePacket (Z:\Visual_Codes\jagya_const\backend\node_modules\mysql2\lib\base\connection.js:475:34)
    at PacketParser.onPacket (Z:\Visual_Codes\jagya_const\backend\node_modules\mysql2\lib\base\connection.js:93:12)
    at PacketParser.executeStart (Z:\Visual_Codes\jagya_const\backend\node_modules\mysql2\lib\packet_parser.js:75:16)
    at Socket.<anonymous> (Z:\Visual_Codes\jagya_const\backend\node_modules\mysql2\lib\base\connection.js:100:25)
    at Socket.emit (node:events:518:28)
    at addChunk (node:internal/streams/readable:561:12)
    at readableAddChunkPushByteMode (node:internal/streams/readable:512:3)
    at Readable.push (node:internal/streams/readable:392:5)
{
  error: Error: Access denied for user 'reynrel01'@'localhost' (using password: YES)
      at Packet.asError (Z:\Visual_Codes\jagya_const\backend\node_modules\mysql2\lib\packets\packet.js:740:17)
      at ClientHandshake.execute (Z:\Visual_Codes\jagya_const\backend\node_modules\mysql2\lib\commands\command.js:29:26)
      at PoolConnection.handlePacket (Z:\Visual_Codes\jagya_const\backend\node_modules\mysql2\lib\base\connection.js:475:34)
      at PacketParser.onPacket (Z:\Visual_Codes\jagya_const\backend\node_modules\mysql2\lib\base\connection.js:93:12)
      at PacketParser.executeStart (Z:\Visual_Codes\jagya_const\backend\node_modules\mysql2\lib\packet_parser.js:75:16)
      at Socket.<anonymous> (Z:\Visual_Codes\jagya_const\backend\node_modules\mysql2\lib\base\connection.js:100:25)
      at Socket.emit (node:events:518:28)
      at addChunk (node:internal/streams/readable:561:12)
      at readableAddChunkPushByteMode (node:internal/streams/readable:512:3)
      at Readable.push (node:internal/streams/readable:392:5) {
    code: 'ER_ACCESS_DENIED_ERROR',
    errno: 1045,
    sqlState: '28000',
    sqlMessage: "Access denied for user 'reynrel01'@'localhost' (using password: YES)",
    sql: undefined
  },
  rejection: true,
  date: 'Thu May 29 2025 16:42:11 GMT+0530 (India Standard Time)',
  process: {
    pid: 12688,
    uid: null,
    gid: null,
    cwd: 'Z:\\Visual_Codes\\jagya_const\\backend',
    execPath: 'C:\\Program Files\\nodejs\\node.exe',
    version: 'v22.11.0',
    argv: [
      'C:\\Program Files\\nodejs\\node.exe',
      'Z:\\Visual_Codes\\jagya_const\\backend\\app.js'
    ],
    memoryUsage: {
      rss: 107032576,
      heapTotal: 72908800,
      heapUsed: 41973880,
      external: 2334497,
      arrayBuffers: 17437
    }
  },
  os: { loadavg: [ 0, 0, 0 ], uptime: 8714.109 },
  trace: [
    {
      column: 17,
      file: 'Z:\\Visual_Codes\\jagya_const\\backend\\node_modules\\mysql2\\lib\\packets\\packet.js',
      function: 'Packet.asError',
      line: 740,
      method: 'asError',
      native: false
    },
    {
      column: 26,
      file: 'Z:\\Visual_Codes\\jagya_const\\backend\\node_modules\\mysql2\\lib\\commands\\command.js',
      function: 'ClientHandshake.execute',
      line: 29,
      method: 'execute',
      native: false
    },
    {
      column: 34,
      file: 'Z:\\Visual_Codes\\jagya_const\\backend\\node_modules\\mysql2\\lib\\base\\connection.js',
      function: 'PoolConnection.handlePacket',
      line: 475,
      method: 'handlePacket',
      native: false
    },
    {
      column: 12,
      file: 'Z:\\Visual_Codes\\jagya_const\\backend\\node_modules\\mysql2\\lib\\base\\connection.js',
      function: 'PacketParser.onPacket',
      line: 93,
      method: 'onPacket',
      native: false
    },
    {
      column: 16,
      file: 'Z:\\Visual_Codes\\jagya_const\\backend\\node_modules\\mysql2\\lib\\packet_parser.js',
      function: 'PacketParser.executeStart',
      line: 75,
      method: 'executeStart',
      native: false
    },
    {
      column: 25,
      file: 'Z:\\Visual_Codes\\jagya_const\\backend\\node_modules\\mysql2\\lib\\base\\connection.js',
      function: null,
      line: 100,
      method: null,
      native: false
    },
    {
      column: 28,
      file: 'node:events',
      function: 'Socket.emit',
      line: 518,
      method: 'emit',
      native: false
    },
    {
      column: 12,
      file: 'node:internal/streams/readable',
      function: 'addChunk',
      line: 561,
      method: null,
      native: false
    },
    {
      column: 3,
      file: 'node:internal/streams/readable',
      function: 'readableAddChunkPushByteMode',
      line: 512,
      method: null,
      native: false
    },
    {
      column: 5,
      file: 'node:internal/streams/readable',
      function: 'Readable.push',
      line: 392,
      method: 'push',
      native: false
    }
  ],
  [Symbol(level)]: 'error'
}
2025-05-29 16:42:15 [ERROR] unhandledRejection: Access denied for user 'reynrel01'@'localhost' (using password: YES)
Error: Access denied for user 'reynrel01'@'localhost' (using password: YES)
    at Packet.asError (Z:\Visual_Codes\jagya_const\backend\node_modules\mysql2\lib\packets\packet.js:740:17)
    at ClientHandshake.execute (Z:\Visual_Codes\jagya_const\backend\node_modules\mysql2\lib\commands\command.js:29:26)
    at PoolConnection.handlePacket (Z:\Visual_Codes\jagya_const\backend\node_modules\mysql2\lib\base\connection.js:475:34)
    at PacketParser.onPacket (Z:\Visual_Codes\jagya_const\backend\node_modules\mysql2\lib\base\connection.js:93:12)
    at PacketParser.executeStart (Z:\Visual_Codes\jagya_const\backend\node_modules\mysql2\lib\packet_parser.js:75:16)
    at Socket.<anonymous> (Z:\Visual_Codes\jagya_const\backend\node_modules\mysql2\lib\base\connection.js:100:25)
    at Socket.emit (node:events:518:28)
    at addChunk (node:internal/streams/readable:561:12)
    at readableAddChunkPushByteMode (node:internal/streams/readable:512:3)
    at Readable.push (node:internal/streams/readable:392:5)
Error: Access denied for user 'reynrel01'@'localhost' (using password: YES)
    at Packet.asError (Z:\Visual_Codes\jagya_const\backend\node_modules\mysql2\lib\packets\packet.js:740:17)
    at ClientHandshake.execute (Z:\Visual_Codes\jagya_const\backend\node_modules\mysql2\lib\commands\command.js:29:26)
    at PoolConnection.handlePacket (Z:\Visual_Codes\jagya_const\backend\node_modules\mysql2\lib\base\connection.js:475:34)
    at PacketParser.onPacket (Z:\Visual_Codes\jagya_const\backend\node_modules\mysql2\lib\base\connection.js:93:12)
    at PacketParser.executeStart (Z:\Visual_Codes\jagya_const\backend\node_modules\mysql2\lib\packet_parser.js:75:16)
    at Socket.<anonymous> (Z:\Visual_Codes\jagya_const\backend\node_modules\mysql2\lib\base\connection.js:100:25)
    at Socket.emit (node:events:518:28)
    at addChunk (node:internal/streams/readable:561:12)
    at readableAddChunkPushByteMode (node:internal/streams/readable:512:3)
    at Readable.push (node:internal/streams/readable:392:5)
{
  error: Error: Access denied for user 'reynrel01'@'localhost' (using password: YES)
      at Packet.asError (Z:\Visual_Codes\jagya_const\backend\node_modules\mysql2\lib\packets\packet.js:740:17)
      at ClientHandshake.execute (Z:\Visual_Codes\jagya_const\backend\node_modules\mysql2\lib\commands\command.js:29:26)
      at PoolConnection.handlePacket (Z:\Visual_Codes\jagya_const\backend\node_modules\mysql2\lib\base\connection.js:475:34)
      at PacketParser.onPacket (Z:\Visual_Codes\jagya_const\backend\node_modules\mysql2\lib\base\connection.js:93:12)
      at PacketParser.executeStart (Z:\Visual_Codes\jagya_const\backend\node_modules\mysql2\lib\packet_parser.js:75:16)
      at Socket.<anonymous> (Z:\Visual_Codes\jagya_const\backend\node_modules\mysql2\lib\base\connection.js:100:25)
      at Socket.emit (node:events:518:28)
      at addChunk (node:internal/streams/readable:561:12)
      at readableAddChunkPushByteMode (node:internal/streams/readable:512:3)
      at Readable.push (node:internal/streams/readable:392:5) {
    code: 'ER_ACCESS_DENIED_ERROR',
    errno: 1045,
    sqlState: '28000',
    sqlMessage: "Access denied for user 'reynrel01'@'localhost' (using password: YES)",
    sql: undefined
  },
  rejection: true,
  date: 'Thu May 29 2025 16:42:15 GMT+0530 (India Standard Time)',
  process: {
    pid: 8964,
    uid: null,
    gid: null,
    cwd: 'Z:\\Visual_Codes\\jagya_const\\backend',
    execPath: 'C:\\Program Files\\nodejs\\node.exe',
    version: 'v22.11.0',
    argv: [
      'C:\\Program Files\\nodejs\\node.exe',
      'Z:\\Visual_Codes\\jagya_const\\backend\\app.js'
    ],
    memoryUsage: {
      rss: 105328640,
      heapTotal: 71450624,
      heapUsed: 40446664,
      external: 2334497,
      arrayBuffers: 17437
    }
  },
  os: { loadavg: [ 0, 0, 0 ], uptime: 8718.609 },
  trace: [
    {
      column: 17,
      file: 'Z:\\Visual_Codes\\jagya_const\\backend\\node_modules\\mysql2\\lib\\packets\\packet.js',
      function: 'Packet.asError',
      line: 740,
      method: 'asError',
      native: false
    },
    {
      column: 26,
      file: 'Z:\\Visual_Codes\\jagya_const\\backend\\node_modules\\mysql2\\lib\\commands\\command.js',
      function: 'ClientHandshake.execute',
      line: 29,
      method: 'execute',
      native: false
    },
    {
      column: 34,
      file: 'Z:\\Visual_Codes\\jagya_const\\backend\\node_modules\\mysql2\\lib\\base\\connection.js',
      function: 'PoolConnection.handlePacket',
      line: 475,
      method: 'handlePacket',
      native: false
    },
    {
      column: 12,
      file: 'Z:\\Visual_Codes\\jagya_const\\backend\\node_modules\\mysql2\\lib\\base\\connection.js',
      function: 'PacketParser.onPacket',
      line: 93,
      method: 'onPacket',
      native: false
    },
    {
      column: 16,
      file: 'Z:\\Visual_Codes\\jagya_const\\backend\\node_modules\\mysql2\\lib\\packet_parser.js',
      function: 'PacketParser.executeStart',
      line: 75,
      method: 'executeStart',
      native: false
    },
    {
      column: 25,
      file: 'Z:\\Visual_Codes\\jagya_const\\backend\\node_modules\\mysql2\\lib\\base\\connection.js',
      function: null,
      line: 100,
      method: null,
      native: false
    },
    {
      column: 28,
      file: 'node:events',
      function: 'Socket.emit',
      line: 518,
      method: 'emit',
      native: false
    },
    {
      column: 12,
      file: 'node:internal/streams/readable',
      function: 'addChunk',
      line: 561,
      method: null,
      native: false
    },
    {
      column: 3,
      file: 'node:internal/streams/readable',
      function: 'readableAddChunkPushByteMode',
      line: 512,
      method: null,
      native: false
    },
    {
      column: 5,
      file: 'node:internal/streams/readable',
      function: 'Readable.push',
      line: 392,
      method: 'push',
      native: false
    }
  ],
  [Symbol(level)]: 'error'
}
2025-05-29 16:42:48 [ERROR] unhandledRejection: Access denied for user 'reynrel01'@'localhost' (using password: YES)
Error: Access denied for user 'reynrel01'@'localhost' (using password: YES)
    at Packet.asError (Z:\Visual_Codes\jagya_const\backend\node_modules\mysql2\lib\packets\packet.js:740:17)
    at ClientHandshake.execute (Z:\Visual_Codes\jagya_const\backend\node_modules\mysql2\lib\commands\command.js:29:26)
    at PoolConnection.handlePacket (Z:\Visual_Codes\jagya_const\backend\node_modules\mysql2\lib\base\connection.js:475:34)
    at PacketParser.onPacket (Z:\Visual_Codes\jagya_const\backend\node_modules\mysql2\lib\base\connection.js:93:12)
    at PacketParser.executeStart (Z:\Visual_Codes\jagya_const\backend\node_modules\mysql2\lib\packet_parser.js:75:16)
    at Socket.<anonymous> (Z:\Visual_Codes\jagya_const\backend\node_modules\mysql2\lib\base\connection.js:100:25)
    at Socket.emit (node:events:518:28)
    at addChunk (node:internal/streams/readable:561:12)
    at readableAddChunkPushByteMode (node:internal/streams/readable:512:3)
    at Readable.push (node:internal/streams/readable:392:5)
Error: Access denied for user 'reynrel01'@'localhost' (using password: YES)
    at Packet.asError (Z:\Visual_Codes\jagya_const\backend\node_modules\mysql2\lib\packets\packet.js:740:17)
    at ClientHandshake.execute (Z:\Visual_Codes\jagya_const\backend\node_modules\mysql2\lib\commands\command.js:29:26)
    at PoolConnection.handlePacket (Z:\Visual_Codes\jagya_const\backend\node_modules\mysql2\lib\base\connection.js:475:34)
    at PacketParser.onPacket (Z:\Visual_Codes\jagya_const\backend\node_modules\mysql2\lib\base\connection.js:93:12)
    at PacketParser.executeStart (Z:\Visual_Codes\jagya_const\backend\node_modules\mysql2\lib\packet_parser.js:75:16)
    at Socket.<anonymous> (Z:\Visual_Codes\jagya_const\backend\node_modules\mysql2\lib\base\connection.js:100:25)
    at Socket.emit (node:events:518:28)
    at addChunk (node:internal/streams/readable:561:12)
    at readableAddChunkPushByteMode (node:internal/streams/readable:512:3)
    at Readable.push (node:internal/streams/readable:392:5)
{
  error: Error: Access denied for user 'reynrel01'@'localhost' (using password: YES)
      at Packet.asError (Z:\Visual_Codes\jagya_const\backend\node_modules\mysql2\lib\packets\packet.js:740:17)
      at ClientHandshake.execute (Z:\Visual_Codes\jagya_const\backend\node_modules\mysql2\lib\commands\command.js:29:26)
      at PoolConnection.handlePacket (Z:\Visual_Codes\jagya_const\backend\node_modules\mysql2\lib\base\connection.js:475:34)
      at PacketParser.onPacket (Z:\Visual_Codes\jagya_const\backend\node_modules\mysql2\lib\base\connection.js:93:12)
      at PacketParser.executeStart (Z:\Visual_Codes\jagya_const\backend\node_modules\mysql2\lib\packet_parser.js:75:16)
      at Socket.<anonymous> (Z:\Visual_Codes\jagya_const\backend\node_modules\mysql2\lib\base\connection.js:100:25)
      at Socket.emit (node:events:518:28)
      at addChunk (node:internal/streams/readable:561:12)
      at readableAddChunkPushByteMode (node:internal/streams/readable:512:3)
      at Readable.push (node:internal/streams/readable:392:5) {
    code: 'ER_ACCESS_DENIED_ERROR',
    errno: 1045,
    sqlState: '28000',
    sqlMessage: "Access denied for user 'reynrel01'@'localhost' (using password: YES)",
    sql: undefined
  },
  rejection: true,
  date: 'Thu May 29 2025 16:42:48 GMT+0530 (India Standard Time)',
  process: {
    pid: 10592,
    uid: null,
    gid: null,
    cwd: 'Z:\\Visual_Codes\\jagya_const\\backend',
    execPath: 'C:\\Program Files\\nodejs\\node.exe',
    version: 'v22.11.0',
    argv: [
      'C:\\Program Files\\nodejs\\node.exe',
      'Z:\\Visual_Codes\\jagya_const\\backend\\app.js'
    ],
    memoryUsage: {
      rss: 106262528,
      heapTotal: 72499200,
      heapUsed: 41029240,
      external: 2334497,
      arrayBuffers: 17437
    }
  },
  os: { loadavg: [ 0, 0, 0 ], uptime: 8750.781 },
  trace: [
    {
      column: 17,
      file: 'Z:\\Visual_Codes\\jagya_const\\backend\\node_modules\\mysql2\\lib\\packets\\packet.js',
      function: 'Packet.asError',
      line: 740,
      method: 'asError',
      native: false
    },
    {
      column: 26,
      file: 'Z:\\Visual_Codes\\jagya_const\\backend\\node_modules\\mysql2\\lib\\commands\\command.js',
      function: 'ClientHandshake.execute',
      line: 29,
      method: 'execute',
      native: false
    },
    {
      column: 34,
      file: 'Z:\\Visual_Codes\\jagya_const\\backend\\node_modules\\mysql2\\lib\\base\\connection.js',
      function: 'PoolConnection.handlePacket',
      line: 475,
      method: 'handlePacket',
      native: false
    },
    {
      column: 12,
      file: 'Z:\\Visual_Codes\\jagya_const\\backend\\node_modules\\mysql2\\lib\\base\\connection.js',
      function: 'PacketParser.onPacket',
      line: 93,
      method: 'onPacket',
      native: false
    },
    {
      column: 16,
      file: 'Z:\\Visual_Codes\\jagya_const\\backend\\node_modules\\mysql2\\lib\\packet_parser.js',
      function: 'PacketParser.executeStart',
      line: 75,
      method: 'executeStart',
      native: false
    },
    {
      column: 25,
      file: 'Z:\\Visual_Codes\\jagya_const\\backend\\node_modules\\mysql2\\lib\\base\\connection.js',
      function: null,
      line: 100,
      method: null,
      native: false
    },
    {
      column: 28,
      file: 'node:events',
      function: 'Socket.emit',
      line: 518,
      method: 'emit',
      native: false
    },
    {
      column: 12,
      file: 'node:internal/streams/readable',
      function: 'addChunk',
      line: 561,
      method: null,
      native: false
    },
    {
      column: 3,
      file: 'node:internal/streams/readable',
      function: 'readableAddChunkPushByteMode',
      line: 512,
      method: null,
      native: false
    },
    {
      column: 5,
      file: 'node:internal/streams/readable',
      function: 'Readable.push',
      line: 392,
      method: 'push',
      native: false
    }
  ],
  [Symbol(level)]: 'error'
}
2025-05-29 16:42:51 [ERROR] unhandledRejection: Access denied for user 'reynrel01'@'localhost' (using password: YES)
Error: Access denied for user 'reynrel01'@'localhost' (using password: YES)
    at Packet.asError (Z:\Visual_Codes\jagya_const\backend\node_modules\mysql2\lib\packets\packet.js:740:17)
    at ClientHandshake.execute (Z:\Visual_Codes\jagya_const\backend\node_modules\mysql2\lib\commands\command.js:29:26)
    at PoolConnection.handlePacket (Z:\Visual_Codes\jagya_const\backend\node_modules\mysql2\lib\base\connection.js:475:34)
    at PacketParser.onPacket (Z:\Visual_Codes\jagya_const\backend\node_modules\mysql2\lib\base\connection.js:93:12)
    at PacketParser.executeStart (Z:\Visual_Codes\jagya_const\backend\node_modules\mysql2\lib\packet_parser.js:75:16)
    at Socket.<anonymous> (Z:\Visual_Codes\jagya_const\backend\node_modules\mysql2\lib\base\connection.js:100:25)
    at Socket.emit (node:events:518:28)
    at addChunk (node:internal/streams/readable:561:12)
    at readableAddChunkPushByteMode (node:internal/streams/readable:512:3)
    at Readable.push (node:internal/streams/readable:392:5)
Error: Access denied for user 'reynrel01'@'localhost' (using password: YES)
    at Packet.asError (Z:\Visual_Codes\jagya_const\backend\node_modules\mysql2\lib\packets\packet.js:740:17)
    at ClientHandshake.execute (Z:\Visual_Codes\jagya_const\backend\node_modules\mysql2\lib\commands\command.js:29:26)
    at PoolConnection.handlePacket (Z:\Visual_Codes\jagya_const\backend\node_modules\mysql2\lib\base\connection.js:475:34)
    at PacketParser.onPacket (Z:\Visual_Codes\jagya_const\backend\node_modules\mysql2\lib\base\connection.js:93:12)
    at PacketParser.executeStart (Z:\Visual_Codes\jagya_const\backend\node_modules\mysql2\lib\packet_parser.js:75:16)
    at Socket.<anonymous> (Z:\Visual_Codes\jagya_const\backend\node_modules\mysql2\lib\base\connection.js:100:25)
    at Socket.emit (node:events:518:28)
    at addChunk (node:internal/streams/readable:561:12)
    at readableAddChunkPushByteMode (node:internal/streams/readable:512:3)
    at Readable.push (node:internal/streams/readable:392:5)
{
  error: Error: Access denied for user 'reynrel01'@'localhost' (using password: YES)
      at Packet.asError (Z:\Visual_Codes\jagya_const\backend\node_modules\mysql2\lib\packets\packet.js:740:17)
      at ClientHandshake.execute (Z:\Visual_Codes\jagya_const\backend\node_modules\mysql2\lib\commands\command.js:29:26)
      at PoolConnection.handlePacket (Z:\Visual_Codes\jagya_const\backend\node_modules\mysql2\lib\base\connection.js:475:34)
      at PacketParser.onPacket (Z:\Visual_Codes\jagya_const\backend\node_modules\mysql2\lib\base\connection.js:93:12)
      at PacketParser.executeStart (Z:\Visual_Codes\jagya_const\backend\node_modules\mysql2\lib\packet_parser.js:75:16)
      at Socket.<anonymous> (Z:\Visual_Codes\jagya_const\backend\node_modules\mysql2\lib\base\connection.js:100:25)
      at Socket.emit (node:events:518:28)
      at addChunk (node:internal/streams/readable:561:12)
      at readableAddChunkPushByteMode (node:internal/streams/readable:512:3)
      at Readable.push (node:internal/streams/readable:392:5) {
    code: 'ER_ACCESS_DENIED_ERROR',
    errno: 1045,
    sqlState: '28000',
    sqlMessage: "Access denied for user 'reynrel01'@'localhost' (using password: YES)",
    sql: undefined
  },
  rejection: true,
  date: 'Thu May 29 2025 16:42:51 GMT+0530 (India Standard Time)',
  process: {
    pid: 9148,
    uid: null,
    gid: null,
    cwd: 'Z:\\Visual_Codes\\jagya_const\\backend',
    execPath: 'C:\\Program Files\\nodejs\\node.exe',
    version: 'v22.11.0',
    argv: [
      'C:\\Program Files\\nodejs\\node.exe',
      'Z:\\Visual_Codes\\jagya_const\\backend\\app.js'
    ],
    memoryUsage: {
      rss: 106524672,
      heapTotal: 72294400,
      heapUsed: 40964952,
      external: 2334497,
      arrayBuffers: 17437
    }
  },
  os: { loadavg: [ 0, 0, 0 ], uptime: 8753.703 },
  trace: [
    {
      column: 17,
      file: 'Z:\\Visual_Codes\\jagya_const\\backend\\node_modules\\mysql2\\lib\\packets\\packet.js',
      function: 'Packet.asError',
      line: 740,
      method: 'asError',
      native: false
    },
    {
      column: 26,
      file: 'Z:\\Visual_Codes\\jagya_const\\backend\\node_modules\\mysql2\\lib\\commands\\command.js',
      function: 'ClientHandshake.execute',
      line: 29,
      method: 'execute',
      native: false
    },
    {
      column: 34,
      file: 'Z:\\Visual_Codes\\jagya_const\\backend\\node_modules\\mysql2\\lib\\base\\connection.js',
      function: 'PoolConnection.handlePacket',
      line: 475,
      method: 'handlePacket',
      native: false
    },
    {
      column: 12,
      file: 'Z:\\Visual_Codes\\jagya_const\\backend\\node_modules\\mysql2\\lib\\base\\connection.js',
      function: 'PacketParser.onPacket',
      line: 93,
      method: 'onPacket',
      native: false
    },
    {
      column: 16,
      file: 'Z:\\Visual_Codes\\jagya_const\\backend\\node_modules\\mysql2\\lib\\packet_parser.js',
      function: 'PacketParser.executeStart',
      line: 75,
      method: 'executeStart',
      native: false
    },
    {
      column: 25,
      file: 'Z:\\Visual_Codes\\jagya_const\\backend\\node_modules\\mysql2\\lib\\base\\connection.js',
      function: null,
      line: 100,
      method: null,
      native: false
    },
    {
      column: 28,
      file: 'node:events',
      function: 'Socket.emit',
      line: 518,
      method: 'emit',
      native: false
    },
    {
      column: 12,
      file: 'node:internal/streams/readable',
      function: 'addChunk',
      line: 561,
      method: null,
      native: false
    },
    {
      column: 3,
      file: 'node:internal/streams/readable',
      function: 'readableAddChunkPushByteMode',
      line: 512,
      method: null,
      native: false
    },
    {
      column: 5,
      file: 'node:internal/streams/readable',
      function: 'Readable.push',
      line: 392,
      method: 'push',
      native: false
    }
  ],
  [Symbol(level)]: 'error'
}
2025-05-29 16:43:36 [ERROR] unhandledRejection: Access denied for user 'reynrel01'@'localhost' (using password: YES)
Error: Access denied for user 'reynrel01'@'localhost' (using password: YES)
    at Packet.asError (Z:\Visual_Codes\jagya_const\backend\node_modules\mysql2\lib\packets\packet.js:740:17)
    at ClientHandshake.execute (Z:\Visual_Codes\jagya_const\backend\node_modules\mysql2\lib\commands\command.js:29:26)
    at PoolConnection.handlePacket (Z:\Visual_Codes\jagya_const\backend\node_modules\mysql2\lib\base\connection.js:475:34)
    at PacketParser.onPacket (Z:\Visual_Codes\jagya_const\backend\node_modules\mysql2\lib\base\connection.js:93:12)
    at PacketParser.executeStart (Z:\Visual_Codes\jagya_const\backend\node_modules\mysql2\lib\packet_parser.js:75:16)
    at Socket.<anonymous> (Z:\Visual_Codes\jagya_const\backend\node_modules\mysql2\lib\base\connection.js:100:25)
    at Socket.emit (node:events:518:28)
    at addChunk (node:internal/streams/readable:561:12)
    at readableAddChunkPushByteMode (node:internal/streams/readable:512:3)
    at Readable.push (node:internal/streams/readable:392:5)
Error: Access denied for user 'reynrel01'@'localhost' (using password: YES)
    at Packet.asError (Z:\Visual_Codes\jagya_const\backend\node_modules\mysql2\lib\packets\packet.js:740:17)
    at ClientHandshake.execute (Z:\Visual_Codes\jagya_const\backend\node_modules\mysql2\lib\commands\command.js:29:26)
    at PoolConnection.handlePacket (Z:\Visual_Codes\jagya_const\backend\node_modules\mysql2\lib\base\connection.js:475:34)
    at PacketParser.onPacket (Z:\Visual_Codes\jagya_const\backend\node_modules\mysql2\lib\base\connection.js:93:12)
    at PacketParser.executeStart (Z:\Visual_Codes\jagya_const\backend\node_modules\mysql2\lib\packet_parser.js:75:16)
    at Socket.<anonymous> (Z:\Visual_Codes\jagya_const\backend\node_modules\mysql2\lib\base\connection.js:100:25)
    at Socket.emit (node:events:518:28)
    at addChunk (node:internal/streams/readable:561:12)
    at readableAddChunkPushByteMode (node:internal/streams/readable:512:3)
    at Readable.push (node:internal/streams/readable:392:5)
{
  error: Error: Access denied for user 'reynrel01'@'localhost' (using password: YES)
      at Packet.asError (Z:\Visual_Codes\jagya_const\backend\node_modules\mysql2\lib\packets\packet.js:740:17)
      at ClientHandshake.execute (Z:\Visual_Codes\jagya_const\backend\node_modules\mysql2\lib\commands\command.js:29:26)
      at PoolConnection.handlePacket (Z:\Visual_Codes\jagya_const\backend\node_modules\mysql2\lib\base\connection.js:475:34)
      at PacketParser.onPacket (Z:\Visual_Codes\jagya_const\backend\node_modules\mysql2\lib\base\connection.js:93:12)
      at PacketParser.executeStart (Z:\Visual_Codes\jagya_const\backend\node_modules\mysql2\lib\packet_parser.js:75:16)
      at Socket.<anonymous> (Z:\Visual_Codes\jagya_const\backend\node_modules\mysql2\lib\base\connection.js:100:25)
      at Socket.emit (node:events:518:28)
      at addChunk (node:internal/streams/readable:561:12)
      at readableAddChunkPushByteMode (node:internal/streams/readable:512:3)
      at Readable.push (node:internal/streams/readable:392:5) {
    code: 'ER_ACCESS_DENIED_ERROR',
    errno: 1045,
    sqlState: '28000',
    sqlMessage: "Access denied for user 'reynrel01'@'localhost' (using password: YES)",
    sql: undefined
  },
  rejection: true,
  date: 'Thu May 29 2025 16:43:36 GMT+0530 (India Standard Time)',
  process: {
    pid: 10164,
    uid: null,
    gid: null,
    cwd: 'Z:\\Visual_Codes\\jagya_const\\backend',
    execPath: 'C:\\Program Files\\nodejs\\node.exe',
    version: 'v22.11.0',
    argv: [
      'C:\\Program Files\\nodejs\\node.exe',
      'Z:\\Visual_Codes\\jagya_const\\backend\\app.js'
    ],
    memoryUsage: {
      rss: 106020864,
      heapTotal: 71770112,
      heapUsed: 40829616,
      external: 2334497,
      arrayBuffers: 17437
    }
  },
  os: { loadavg: [ 0, 0, 0 ], uptime: 8799.437 },
  trace: [
    {
      column: 17,
      file: 'Z:\\Visual_Codes\\jagya_const\\backend\\node_modules\\mysql2\\lib\\packets\\packet.js',
      function: 'Packet.asError',
      line: 740,
      method: 'asError',
      native: false
    },
    {
      column: 26,
      file: 'Z:\\Visual_Codes\\jagya_const\\backend\\node_modules\\mysql2\\lib\\commands\\command.js',
      function: 'ClientHandshake.execute',
      line: 29,
      method: 'execute',
      native: false
    },
    {
      column: 34,
      file: 'Z:\\Visual_Codes\\jagya_const\\backend\\node_modules\\mysql2\\lib\\base\\connection.js',
      function: 'PoolConnection.handlePacket',
      line: 475,
      method: 'handlePacket',
      native: false
    },
    {
      column: 12,
      file: 'Z:\\Visual_Codes\\jagya_const\\backend\\node_modules\\mysql2\\lib\\base\\connection.js',
      function: 'PacketParser.onPacket',
      line: 93,
      method: 'onPacket',
      native: false
    },
    {
      column: 16,
      file: 'Z:\\Visual_Codes\\jagya_const\\backend\\node_modules\\mysql2\\lib\\packet_parser.js',
      function: 'PacketParser.executeStart',
      line: 75,
      method: 'executeStart',
      native: false
    },
    {
      column: 25,
      file: 'Z:\\Visual_Codes\\jagya_const\\backend\\node_modules\\mysql2\\lib\\base\\connection.js',
      function: null,
      line: 100,
      method: null,
      native: false
    },
    {
      column: 28,
      file: 'node:events',
      function: 'Socket.emit',
      line: 518,
      method: 'emit',
      native: false
    },
    {
      column: 12,
      file: 'node:internal/streams/readable',
      function: 'addChunk',
      line: 561,
      method: null,
      native: false
    },
    {
      column: 3,
      file: 'node:internal/streams/readable',
      function: 'readableAddChunkPushByteMode',
      line: 512,
      method: null,
      native: false
    },
    {
      column: 5,
      file: 'node:internal/streams/readable',
      function: 'Readable.push',
      line: 392,
      method: 'push',
      native: false
    }
  ],
  [Symbol(level)]: 'error'
}
2025-11-28 17:50:51 [ERROR] unhandledRejection: Access denied for user 'root'@'localhost' (using password: NO)
Error: Access denied for user 'root'@'localhost' (using password: NO)
    at Packet.asError (Z:\Visual_Codes\rudrax\backend\node_modules\mysql2\lib\packets\packet.js:740:17)
    at ClientHandshake.execute (Z:\Visual_Codes\rudrax\backend\node_modules\mysql2\lib\commands\command.js:29:26)
    at PoolConnection.handlePacket (Z:\Visual_Codes\rudrax\backend\node_modules\mysql2\lib\base\connection.js:475:34)
    at PacketParser.onPacket (Z:\Visual_Codes\rudrax\backend\node_modules\mysql2\lib\base\connection.js:93:12)
    at PacketParser.executeStart (Z:\Visual_Codes\rudrax\backend\node_modules\mysql2\lib\packet_parser.js:75:16)
    at Socket.<anonymous> (Z:\Visual_Codes\rudrax\backend\node_modules\mysql2\lib\base\connection.js:100:25)
    at Socket.emit (node:events:517:28)
    at addChunk (node:internal/streams/readable:368:12)
    at readableAddChunk (node:internal/streams/readable:341:9)
    at Readable.push (node:internal/streams/readable:278:10)
Error: Access denied for user 'root'@'localhost' (using password: NO)
    at Packet.asError (Z:\Visual_Codes\rudrax\backend\node_modules\mysql2\lib\packets\packet.js:740:17)
    at ClientHandshake.execute (Z:\Visual_Codes\rudrax\backend\node_modules\mysql2\lib\commands\command.js:29:26)
    at PoolConnection.handlePacket (Z:\Visual_Codes\rudrax\backend\node_modules\mysql2\lib\base\connection.js:475:34)
    at PacketParser.onPacket (Z:\Visual_Codes\rudrax\backend\node_modules\mysql2\lib\base\connection.js:93:12)
    at PacketParser.executeStart (Z:\Visual_Codes\rudrax\backend\node_modules\mysql2\lib\packet_parser.js:75:16)
    at Socket.<anonymous> (Z:\Visual_Codes\rudrax\backend\node_modules\mysql2\lib\base\connection.js:100:25)
    at Socket.emit (node:events:517:28)
    at addChunk (node:internal/streams/readable:368:12)
    at readableAddChunk (node:internal/streams/readable:341:9)
    at Readable.push (node:internal/streams/readable:278:10)
{
  error: Error: Access denied for user 'root'@'localhost' (using password: NO)
      at Packet.asError (Z:\Visual_Codes\rudrax\backend\node_modules\mysql2\lib\packets\packet.js:740:17)
      at ClientHandshake.execute (Z:\Visual_Codes\rudrax\backend\node_modules\mysql2\lib\commands\command.js:29:26)
      at PoolConnection.handlePacket (Z:\Visual_Codes\rudrax\backend\node_modules\mysql2\lib\base\connection.js:475:34)
      at PacketParser.onPacket (Z:\Visual_Codes\rudrax\backend\node_modules\mysql2\lib\base\connection.js:93:12)
      at PacketParser.executeStart (Z:\Visual_Codes\rudrax\backend\node_modules\mysql2\lib\packet_parser.js:75:16)
      at Socket.<anonymous> (Z:\Visual_Codes\rudrax\backend\node_modules\mysql2\lib\base\connection.js:100:25)
      at Socket.emit (node:events:517:28)
      at addChunk (node:internal/streams/readable:368:12)
      at readableAddChunk (node:internal/streams/readable:341:9)
      at Readable.push (node:internal/streams/readable:278:10) {
    code: 'ER_ACCESS_DENIED_ERROR',
    errno: 1045,
    sqlState: '28000',
    sqlMessage: "Access denied for user 'root'@'localhost' (using password: NO)",
    sql: undefined
  },
  rejection: true,
  date: 'Fri Nov 28 2025 17:50:51 GMT+0530 (India Standard Time)',
  process: {
    pid: 13184,
    uid: null,
    gid: null,
    cwd: 'Z:\\Visual_Codes\\rudrax\\backend',
    execPath: 'C:\\Program Files\\nodejs\\node.exe',
    version: 'v18.20.8',
    argv: [
      'C:\\Program Files\\nodejs\\node.exe',
      'Z:\\Visual_Codes\\rudrax\\backend\\app.js'
    ],
    memoryUsage: {
      rss: 73244672,
      heapTotal: 37896192,
      heapUsed: 24158168,
      external: 1586210,
      arrayBuffers: 320250
    }
  },
  os: { loadavg: [ 0, 0, 0 ], uptime: 194822.343 },
  trace: [
    {
      column: 17,
      file: 'Z:\\Visual_Codes\\rudrax\\backend\\node_modules\\mysql2\\lib\\packets\\packet.js',
      function: 'Packet.asError',
      line: 740,
      method: 'asError',
      native: false
    },
    {
      column: 26,
      file: 'Z:\\Visual_Codes\\rudrax\\backend\\node_modules\\mysql2\\lib\\commands\\command.js',
      function: 'ClientHandshake.execute',
      line: 29,
      method: 'execute',
      native: false
    },
    {
      column: 34,
      file: 'Z:\\Visual_Codes\\rudrax\\backend\\node_modules\\mysql2\\lib\\base\\connection.js',
      function: 'PoolConnection.handlePacket',
      line: 475,
      method: 'handlePacket',
      native: false
    },
    {
      column: 12,
      file: 'Z:\\Visual_Codes\\rudrax\\backend\\node_modules\\mysql2\\lib\\base\\connection.js',
      function: 'PacketParser.onPacket',
      line: 93,
      method: 'onPacket',
      native: false
    },
    {
      column: 16,
      file: 'Z:\\Visual_Codes\\rudrax\\backend\\node_modules\\mysql2\\lib\\packet_parser.js',
      function: 'PacketParser.executeStart',
      line: 75,
      method: 'executeStart',
      native: false
    },
    {
      column: 25,
      file: 'Z:\\Visual_Codes\\rudrax\\backend\\node_modules\\mysql2\\lib\\base\\connection.js',
      function: null,
      line: 100,
      method: null,
      native: false
    },
    {
      column: 28,
      file: 'node:events',
      function: 'Socket.emit',
      line: 517,
      method: 'emit',
      native: false
    },
    {
      column: 12,
      file: 'node:internal/streams/readable',
      function: 'addChunk',
      line: 368,
      method: null,
      native: false
    },
    {
      column: 9,
      file: 'node:internal/streams/readable',
      function: 'readableAddChunk',
      line: 341,
      method: null,
      native: false
    },
    {
      column: 10,
      file: 'node:internal/streams/readable',
      function: 'Readable.push',
      line: 278,
      method: 'push',
      native: false
    }
  ],
  [Symbol(level)]: 'error'
}
2025-11-28 18:00:39 [ERROR] unhandledRejection: Access denied for user 'root'@'localhost' (using password: NO)
Error: Access denied for user 'root'@'localhost' (using password: NO)
    at Packet.asError (Z:\Visual_Codes\rudrax\backend\node_modules\mysql2\lib\packets\packet.js:740:17)
    at ClientHandshake.execute (Z:\Visual_Codes\rudrax\backend\node_modules\mysql2\lib\commands\command.js:29:26)
    at PoolConnection.handlePacket (Z:\Visual_Codes\rudrax\backend\node_modules\mysql2\lib\base\connection.js:475:34)
    at PacketParser.onPacket (Z:\Visual_Codes\rudrax\backend\node_modules\mysql2\lib\base\connection.js:93:12)
    at PacketParser.executeStart (Z:\Visual_Codes\rudrax\backend\node_modules\mysql2\lib\packet_parser.js:75:16)
    at Socket.<anonymous> (Z:\Visual_Codes\rudrax\backend\node_modules\mysql2\lib\base\connection.js:100:25)
    at Socket.emit (node:events:517:28)
    at addChunk (node:internal/streams/readable:368:12)
    at readableAddChunk (node:internal/streams/readable:341:9)
    at Readable.push (node:internal/streams/readable:278:10)
Error: Access denied for user 'root'@'localhost' (using password: NO)
    at Packet.asError (Z:\Visual_Codes\rudrax\backend\node_modules\mysql2\lib\packets\packet.js:740:17)
    at ClientHandshake.execute (Z:\Visual_Codes\rudrax\backend\node_modules\mysql2\lib\commands\command.js:29:26)
    at PoolConnection.handlePacket (Z:\Visual_Codes\rudrax\backend\node_modules\mysql2\lib\base\connection.js:475:34)
    at PacketParser.onPacket (Z:\Visual_Codes\rudrax\backend\node_modules\mysql2\lib\base\connection.js:93:12)
    at PacketParser.executeStart (Z:\Visual_Codes\rudrax\backend\node_modules\mysql2\lib\packet_parser.js:75:16)
    at Socket.<anonymous> (Z:\Visual_Codes\rudrax\backend\node_modules\mysql2\lib\base\connection.js:100:25)
    at Socket.emit (node:events:517:28)
    at addChunk (node:internal/streams/readable:368:12)
    at readableAddChunk (node:internal/streams/readable:341:9)
    at Readable.push (node:internal/streams/readable:278:10)
{
  error: Error: Access denied for user 'root'@'localhost' (using password: NO)
      at Packet.asError (Z:\Visual_Codes\rudrax\backend\node_modules\mysql2\lib\packets\packet.js:740:17)
      at ClientHandshake.execute (Z:\Visual_Codes\rudrax\backend\node_modules\mysql2\lib\commands\command.js:29:26)
      at PoolConnection.handlePacket (Z:\Visual_Codes\rudrax\backend\node_modules\mysql2\lib\base\connection.js:475:34)
      at PacketParser.onPacket (Z:\Visual_Codes\rudrax\backend\node_modules\mysql2\lib\base\connection.js:93:12)
      at PacketParser.executeStart (Z:\Visual_Codes\rudrax\backend\node_modules\mysql2\lib\packet_parser.js:75:16)
      at Socket.<anonymous> (Z:\Visual_Codes\rudrax\backend\node_modules\mysql2\lib\base\connection.js:100:25)
      at Socket.emit (node:events:517:28)
      at addChunk (node:internal/streams/readable:368:12)
      at readableAddChunk (node:internal/streams/readable:341:9)
      at Readable.push (node:internal/streams/readable:278:10) {
    code: 'ER_ACCESS_DENIED_ERROR',
    errno: 1045,
    sqlState: '28000',
    sqlMessage: "Access denied for user 'root'@'localhost' (using password: NO)",
    sql: undefined
  },
  rejection: true,
  date: 'Fri Nov 28 2025 18:00:39 GMT+0530 (India Standard Time)',
  process: {
    pid: 9928,
    uid: null,
    gid: null,
    cwd: 'Z:\\Visual_Codes\\rudrax\\backend',
    execPath: 'C:\\Program Files\\nodejs\\node.exe',
    version: 'v18.20.8',
    argv: [
      'C:\\Program Files\\nodejs\\node.exe',
      'Z:\\Visual_Codes\\rudrax\\backend\\app.js'
    ],
    memoryUsage: {
      rss: 74240000,
      heapTotal: 38158336,
      heapUsed: 24365696,
      external: 1603652,
      arrayBuffers: 337692
    }
  },
  os: { loadavg: [ 0, 0, 0 ], uptime: 195409.921 },
  trace: [
    {
      column: 17,
      file: 'Z:\\Visual_Codes\\rudrax\\backend\\node_modules\\mysql2\\lib\\packets\\packet.js',
      function: 'Packet.asError',
      line: 740,
      method: 'asError',
      native: false
    },
    {
      column: 26,
      file: 'Z:\\Visual_Codes\\rudrax\\backend\\node_modules\\mysql2\\lib\\commands\\command.js',
      function: 'ClientHandshake.execute',
      line: 29,
      method: 'execute',
      native: false
    },
    {
      column: 34,
      file: 'Z:\\Visual_Codes\\rudrax\\backend\\node_modules\\mysql2\\lib\\base\\connection.js',
      function: 'PoolConnection.handlePacket',
      line: 475,
      method: 'handlePacket',
      native: false
    },
    {
      column: 12,
      file: 'Z:\\Visual_Codes\\rudrax\\backend\\node_modules\\mysql2\\lib\\base\\connection.js',
      function: 'PacketParser.onPacket',
      line: 93,
      method: 'onPacket',
      native: false
    },
    {
      column: 16,
      file: 'Z:\\Visual_Codes\\rudrax\\backend\\node_modules\\mysql2\\lib\\packet_parser.js',
      function: 'PacketParser.executeStart',
      line: 75,
      method: 'executeStart',
      native: false
    },
    {
      column: 25,
      file: 'Z:\\Visual_Codes\\rudrax\\backend\\node_modules\\mysql2\\lib\\base\\connection.js',
      function: null,
      line: 100,
      method: null,
      native: false
    },
    {
      column: 28,
      file: 'node:events',
      function: 'Socket.emit',
      line: 517,
      method: 'emit',
      native: false
    },
    {
      column: 12,
      file: 'node:internal/streams/readable',
      function: 'addChunk',
      line: 368,
      method: null,
      native: false
    },
    {
      column: 9,
      file: 'node:internal/streams/readable',
      function: 'readableAddChunk',
      line: 341,
      method: null,
      native: false
    },
    {
      column: 10,
      file: 'node:internal/streams/readable',
      function: 'Readable.push',
      line: 278,
      method: 'push',
      native: false
    }
  ],
  [Symbol(level)]: 'error'
}
2025-11-28 18:00:51 [ERROR] unhandledRejection: Unknown database 'rudrax_db'
Error: Unknown database 'rudrax_db'
    at Packet.asError (Z:\Visual_Codes\rudrax\backend\node_modules\mysql2\lib\packets\packet.js:740:17)
    at ClientHandshake.execute (Z:\Visual_Codes\rudrax\backend\node_modules\mysql2\lib\commands\command.js:29:26)
    at PoolConnection.handlePacket (Z:\Visual_Codes\rudrax\backend\node_modules\mysql2\lib\base\connection.js:475:34)
    at PacketParser.onPacket (Z:\Visual_Codes\rudrax\backend\node_modules\mysql2\lib\base\connection.js:93:12)
    at PacketParser.executeStart (Z:\Visual_Codes\rudrax\backend\node_modules\mysql2\lib\packet_parser.js:75:16)
    at Socket.<anonymous> (Z:\Visual_Codes\rudrax\backend\node_modules\mysql2\lib\base\connection.js:100:25)
    at Socket.emit (node:events:517:28)
    at addChunk (node:internal/streams/readable:368:12)
    at readableAddChunk (node:internal/streams/readable:341:9)
    at Readable.push (node:internal/streams/readable:278:10)
Error: Unknown database 'rudrax_db'
    at Packet.asError (Z:\Visual_Codes\rudrax\backend\node_modules\mysql2\lib\packets\packet.js:740:17)
    at ClientHandshake.execute (Z:\Visual_Codes\rudrax\backend\node_modules\mysql2\lib\commands\command.js:29:26)
    at PoolConnection.handlePacket (Z:\Visual_Codes\rudrax\backend\node_modules\mysql2\lib\base\connection.js:475:34)
    at PacketParser.onPacket (Z:\Visual_Codes\rudrax\backend\node_modules\mysql2\lib\base\connection.js:93:12)
    at PacketParser.executeStart (Z:\Visual_Codes\rudrax\backend\node_modules\mysql2\lib\packet_parser.js:75:16)
    at Socket.<anonymous> (Z:\Visual_Codes\rudrax\backend\node_modules\mysql2\lib\base\connection.js:100:25)
    at Socket.emit (node:events:517:28)
    at addChunk (node:internal/streams/readable:368:12)
    at readableAddChunk (node:internal/streams/readable:341:9)
    at Readable.push (node:internal/streams/readable:278:10)
{
  error: Error: Unknown database 'rudrax_db'
      at Packet.asError (Z:\Visual_Codes\rudrax\backend\node_modules\mysql2\lib\packets\packet.js:740:17)
      at ClientHandshake.execute (Z:\Visual_Codes\rudrax\backend\node_modules\mysql2\lib\commands\command.js:29:26)
      at PoolConnection.handlePacket (Z:\Visual_Codes\rudrax\backend\node_modules\mysql2\lib\base\connection.js:475:34)
      at PacketParser.onPacket (Z:\Visual_Codes\rudrax\backend\node_modules\mysql2\lib\base\connection.js:93:12)
      at PacketParser.executeStart (Z:\Visual_Codes\rudrax\backend\node_modules\mysql2\lib\packet_parser.js:75:16)
      at Socket.<anonymous> (Z:\Visual_Codes\rudrax\backend\node_modules\mysql2\lib\base\connection.js:100:25)
      at Socket.emit (node:events:517:28)
      at addChunk (node:internal/streams/readable:368:12)
      at readableAddChunk (node:internal/streams/readable:341:9)
      at Readable.push (node:internal/streams/readable:278:10) {
    code: 'ER_BAD_DB_ERROR',
    errno: 1049,
    sqlState: '42000',
    sqlMessage: "Unknown database 'rudrax_db'",
    sql: undefined
  },
  rejection: true,
  date: 'Fri Nov 28 2025 18:00:51 GMT+0530 (India Standard Time)',
  process: {
    pid: 13132,
    uid: null,
    gid: null,
    cwd: 'Z:\\Visual_Codes\\rudrax\\backend',
    execPath: 'C:\\Program Files\\nodejs\\node.exe',
    version: 'v18.20.8',
    argv: [
      'C:\\Program Files\\nodejs\\node.exe',
      'Z:\\Visual_Codes\\rudrax\\backend\\app.js'
    ],
    memoryUsage: {
      rss: 74571776,
      heapTotal: 38420480,
      heapUsed: 24049816,
      external: 1552522,
      arrayBuffers: 286562
    }
  },
  os: { loadavg: [ 0, 0, 0 ], uptime: 195422.234 },
  trace: [
    {
      column: 17,
      file: 'Z:\\Visual_Codes\\rudrax\\backend\\node_modules\\mysql2\\lib\\packets\\packet.js',
      function: 'Packet.asError',
      line: 740,
      method: 'asError',
      native: false
    },
    {
      column: 26,
      file: 'Z:\\Visual_Codes\\rudrax\\backend\\node_modules\\mysql2\\lib\\commands\\command.js',
      function: 'ClientHandshake.execute',
      line: 29,
      method: 'execute',
      native: false
    },
    {
      column: 34,
      file: 'Z:\\Visual_Codes\\rudrax\\backend\\node_modules\\mysql2\\lib\\base\\connection.js',
      function: 'PoolConnection.handlePacket',
      line: 475,
      method: 'handlePacket',
      native: false
    },
    {
      column: 12,
      file: 'Z:\\Visual_Codes\\rudrax\\backend\\node_modules\\mysql2\\lib\\base\\connection.js',
      function: 'PacketParser.onPacket',
      line: 93,
      method: 'onPacket',
      native: false
    },
    {
      column: 16,
      file: 'Z:\\Visual_Codes\\rudrax\\backend\\node_modules\\mysql2\\lib\\packet_parser.js',
      function: 'PacketParser.executeStart',
      line: 75,
      method: 'executeStart',
      native: false
    },
    {
      column: 25,
      file: 'Z:\\Visual_Codes\\rudrax\\backend\\node_modules\\mysql2\\lib\\base\\connection.js',
      function: null,
      line: 100,
      method: null,
      native: false
    },
    {
      column: 28,
      file: 'node:events',
      function: 'Socket.emit',
      line: 517,
      method: 'emit',
      native: false
    },
    {
      column: 12,
      file: 'node:internal/streams/readable',
      function: 'addChunk',
      line: 368,
      method: null,
      native: false
    },
    {
      column: 9,
      file: 'node:internal/streams/readable',
      function: 'readableAddChunk',
      line: 341,
      method: null,
      native: false
    },
    {
      column: 10,
      file: 'node:internal/streams/readable',
      function: 'Readable.push',
      line: 278,
      method: 'push',
      native: false
    }
  ],
  [Symbol(level)]: 'error'
}
2025-12-28 19:56:25 [ERROR] unhandledRejection: logger is not defined
ReferenceError: logger is not defined
    at getUserNotifications (Z:\Visual_Codes\rudrax\backend\controllers\notification\index.js:24:10)
    at Layer.handle [as handle_request] (Z:\Visual_Codes\rudrax\backend\node_modules\express\lib\router\layer.js:95:5)
    at next (Z:\Visual_Codes\rudrax\backend\node_modules\express\lib\router\route.js:149:13)
    at Route.dispatch (Z:\Visual_Codes\rudrax\backend\node_modules\express\lib\router\route.js:119:3)
    at Layer.handle [as handle_request] (Z:\Visual_Codes\rudrax\backend\node_modules\express\lib\router\layer.js:95:5)
    at Z:\Visual_Codes\rudrax\backend\node_modules\express\lib\router\index.js:284:15
    at Function.process_params (Z:\Visual_Codes\rudrax\backend\node_modules\express\lib\router\index.js:346:12)
    at next (Z:\Visual_Codes\rudrax\backend\node_modules\express\lib\router\index.js:280:10)
    at Function.handle (Z:\Visual_Codes\rudrax\backend\node_modules\express\lib\router\index.js:175:3)
    at router (Z:\Visual_Codes\rudrax\backend\node_modules\express\lib\router\index.js:47:12)
ReferenceError: logger is not defined
    at getUserNotifications (Z:\Visual_Codes\rudrax\backend\controllers\notification\index.js:24:10)
    at Layer.handle [as handle_request] (Z:\Visual_Codes\rudrax\backend\node_modules\express\lib\router\layer.js:95:5)
    at next (Z:\Visual_Codes\rudrax\backend\node_modules\express\lib\router\route.js:149:13)
    at Route.dispatch (Z:\Visual_Codes\rudrax\backend\node_modules\express\lib\router\route.js:119:3)
    at Layer.handle [as handle_request] (Z:\Visual_Codes\rudrax\backend\node_modules\express\lib\router\layer.js:95:5)
    at Z:\Visual_Codes\rudrax\backend\node_modules\express\lib\router\index.js:284:15
    at Function.process_params (Z:\Visual_Codes\rudrax\backend\node_modules\express\lib\router\index.js:346:12)
    at next (Z:\Visual_Codes\rudrax\backend\node_modules\express\lib\router\index.js:280:10)
    at Function.handle (Z:\Visual_Codes\rudrax\backend\node_modules\express\lib\router\index.js:175:3)
    at router (Z:\Visual_Codes\rudrax\backend\node_modules\express\lib\router\index.js:47:12)
{
  error: ReferenceError: logger is not defined
      at getUserNotifications (Z:\Visual_Codes\rudrax\backend\controllers\notification\index.js:24:10)
      at Layer.handle [as handle_request] (Z:\Visual_Codes\rudrax\backend\node_modules\express\lib\router\layer.js:95:5)
      at next (Z:\Visual_Codes\rudrax\backend\node_modules\express\lib\router\route.js:149:13)
      at Route.dispatch (Z:\Visual_Codes\rudrax\backend\node_modules\express\lib\router\route.js:119:3)
      at Layer.handle [as handle_request] (Z:\Visual_Codes\rudrax\backend\node_modules\express\lib\router\layer.js:95:5)
      at Z:\Visual_Codes\rudrax\backend\node_modules\express\lib\router\index.js:284:15
      at Function.process_params (Z:\Visual_Codes\rudrax\backend\node_modules\express\lib\router\index.js:346:12)
      at next (Z:\Visual_Codes\rudrax\backend\node_modules\express\lib\router\index.js:280:10)
      at Function.handle (Z:\Visual_Codes\rudrax\backend\node_modules\express\lib\router\index.js:175:3)
      at router (Z:\Visual_Codes\rudrax\backend\node_modules\express\lib\router\index.js:47:12),
  rejection: true,
  date: 'Sun Dec 28 2025 19:56:25 GMT+0530 (India Standard Time)',
  process: {
    pid: 5380,
    uid: null,
    gid: null,
    cwd: 'Z:\\Visual_Codes\\rudrax\\backend',
    execPath: 'C:\\Program Files\\nodejs\\node.exe',
    version: 'v22.11.0',
    argv: [
      'C:\\Program Files\\nodejs\\node.exe',
      'Z:\\Visual_Codes\\rudrax\\backend\\app.js'
    ],
    memoryUsage: {
      rss: 53104640,
      heapTotal: 21938176,
      heapUsed: 19902240,
      external: 2337641,
      arrayBuffers: 18533
    }
  },
  os: { loadavg: [ 0, 0, 0 ], uptime: 33773.953 },
  trace: [
    {
      column: 10,
      file: 'Z:\\Visual_Codes\\rudrax\\backend\\controllers\\notification\\index.js',
      function: 'getUserNotifications',
      line: 24,
      method: null,
      native: false
    },
    {
      column: 5,
      file: 'Z:\\Visual_Codes\\rudrax\\backend\\node_modules\\express\\lib\\router\\layer.js',
      function: 'Layer.handle [as handle_request]',
      line: 95,
      method: 'handle [as handle_request]',
      native: false
    },
    {
      column: 13,
      file: 'Z:\\Visual_Codes\\rudrax\\backend\\node_modules\\express\\lib\\router\\route.js',
      function: 'next',
      line: 149,
      method: null,
      native: false
    },
    {
      column: 3,
      file: 'Z:\\Visual_Codes\\rudrax\\backend\\node_modules\\express\\lib\\router\\route.js',
      function: 'Route.dispatch',
      line: 119,
      method: 'dispatch',
      native: false
    },
    {
      column: 5,
      file: 'Z:\\Visual_Codes\\rudrax\\backend\\node_modules\\express\\lib\\router\\layer.js',
      function: 'Layer.handle [as handle_request]',
      line: 95,
      method: 'handle [as handle_request]',
      native: false
    },
    {
      column: 15,
      file: 'Z:\\Visual_Codes\\rudrax\\backend\\node_modules\\express\\lib\\router\\index.js',
      function: null,
      line: 284,
      method: null,
      native: false
    },
    {
      column: 12,
      file: 'Z:\\Visual_Codes\\rudrax\\backend\\node_modules\\express\\lib\\router\\index.js',
      function: 'Function.process_params',
      line: 346,
      method: 'process_params',
      native: false
    },
    {
      column: 10,
      file: 'Z:\\Visual_Codes\\rudrax\\backend\\node_modules\\express\\lib\\router\\index.js',
      function: 'next',
      line: 280,
      method: null,
      native: false
    },
    {
      column: 3,
      file: 'Z:\\Visual_Codes\\rudrax\\backend\\node_modules\\express\\lib\\router\\index.js',
      function: 'Function.handle',
      line: 175,
      method: 'handle',
      native: false
    },
    {
      column: 12,
      file: 'Z:\\Visual_Codes\\rudrax\\backend\\node_modules\\express\\lib\\router\\index.js',
      function: 'router',
      line: 47,
      method: null,
      native: false
    }
  ],
  [Symbol(level)]: 'error'
}
2025-12-28 19:57:09 [ERROR] unhandledRejection: Cannot read properties of undefined (reading 'error')
TypeError: Cannot read properties of undefined (reading 'error')
    at getUserNotifications (Z:\Visual_Codes\rudrax\backend\controllers\notification\index.js:24:21)
    at Layer.handle [as handle_request] (Z:\Visual_Codes\rudrax\backend\node_modules\express\lib\router\layer.js:95:5)
    at next (Z:\Visual_Codes\rudrax\backend\node_modules\express\lib\router\route.js:149:13)
    at Route.dispatch (Z:\Visual_Codes\rudrax\backend\node_modules\express\lib\router\route.js:119:3)
    at Layer.handle [as handle_request] (Z:\Visual_Codes\rudrax\backend\node_modules\express\lib\router\layer.js:95:5)
    at Z:\Visual_Codes\rudrax\backend\node_modules\express\lib\router\index.js:284:15
    at Function.process_params (Z:\Visual_Codes\rudrax\backend\node_modules\express\lib\router\index.js:346:12)
    at next (Z:\Visual_Codes\rudrax\backend\node_modules\express\lib\router\index.js:280:10)
    at Function.handle (Z:\Visual_Codes\rudrax\backend\node_modules\express\lib\router\index.js:175:3)
    at router (Z:\Visual_Codes\rudrax\backend\node_modules\express\lib\router\index.js:47:12)
TypeError: Cannot read properties of undefined (reading 'error')
    at getUserNotifications (Z:\Visual_Codes\rudrax\backend\controllers\notification\index.js:24:21)
    at Layer.handle [as handle_request] (Z:\Visual_Codes\rudrax\backend\node_modules\express\lib\router\layer.js:95:5)
    at next (Z:\Visual_Codes\rudrax\backend\node_modules\express\lib\router\route.js:149:13)
    at Route.dispatch (Z:\Visual_Codes\rudrax\backend\node_modules\express\lib\router\route.js:119:3)
    at Layer.handle [as handle_request] (Z:\Visual_Codes\rudrax\backend\node_modules\express\lib\router\layer.js:95:5)
    at Z:\Visual_Codes\rudrax\backend\node_modules\express\lib\router\index.js:284:15
    at Function.process_params (Z:\Visual_Codes\rudrax\backend\node_modules\express\lib\router\index.js:346:12)
    at next (Z:\Visual_Codes\rudrax\backend\node_modules\express\lib\router\index.js:280:10)
    at Function.handle (Z:\Visual_Codes\rudrax\backend\node_modules\express\lib\router\index.js:175:3)
    at router (Z:\Visual_Codes\rudrax\backend\node_modules\express\lib\router\index.js:47:12)
{
  error: TypeError: Cannot read properties of undefined (reading 'error')
      at getUserNotifications (Z:\Visual_Codes\rudrax\backend\controllers\notification\index.js:24:21)
      at Layer.handle [as handle_request] (Z:\Visual_Codes\rudrax\backend\node_modules\express\lib\router\layer.js:95:5)
      at next (Z:\Visual_Codes\rudrax\backend\node_modules\express\lib\router\route.js:149:13)
      at Route.dispatch (Z:\Visual_Codes\rudrax\backend\node_modules\express\lib\router\route.js:119:3)
      at Layer.handle [as handle_request] (Z:\Visual_Codes\rudrax\backend\node_modules\express\lib\router\layer.js:95:5)
      at Z:\Visual_Codes\rudrax\backend\node_modules\express\lib\router\index.js:284:15
      at Function.process_params (Z:\Visual_Codes\rudrax\backend\node_modules\express\lib\router\index.js:346:12)
      at next (Z:\Visual_Codes\rudrax\backend\node_modules\express\lib\router\index.js:280:10)
      at Function.handle (Z:\Visual_Codes\rudrax\backend\node_modules\express\lib\router\index.js:175:3)
      at router (Z:\Visual_Codes\rudrax\backend\node_modules\express\lib\router\index.js:47:12),
  rejection: true,
  date: 'Sun Dec 28 2025 19:57:09 GMT+0530 (India Standard Time)',
  process: {
    pid: 8640,
    uid: null,
    gid: null,
    cwd: 'Z:\\Visual_Codes\\rudrax\\backend',
    execPath: 'C:\\Program Files\\nodejs\\node.exe',
    version: 'v22.11.0',
    argv: [
      'C:\\Program Files\\nodejs\\node.exe',
      'Z:\\Visual_Codes\\rudrax\\backend\\app.js'
    ],
    memoryUsage: {
      rss: 94990336,
      heapTotal: 62799872,
      heapUsed: 40942808,
      external: 2336779,
      arrayBuffers: 17671
    }
  },
  os: { loadavg: [ 0, 0, 0 ], uptime: 33818.484 },
  trace: [
    {
      column: 21,
      file: 'Z:\\Visual_Codes\\rudrax\\backend\\controllers\\notification\\index.js',
      function: 'getUserNotifications',
      line: 24,
      method: null,
      native: false
    },
    {
      column: 5,
      file: 'Z:\\Visual_Codes\\rudrax\\backend\\node_modules\\express\\lib\\router\\layer.js',
      function: 'Layer.handle [as handle_request]',
      line: 95,
      method: 'handle [as handle_request]',
      native: false
    },
    {
      column: 13,
      file: 'Z:\\Visual_Codes\\rudrax\\backend\\node_modules\\express\\lib\\router\\route.js',
      function: 'next',
      line: 149,
      method: null,
      native: false
    },
    {
      column: 3,
      file: 'Z:\\Visual_Codes\\rudrax\\backend\\node_modules\\express\\lib\\router\\route.js',
      function: 'Route.dispatch',
      line: 119,
      method: 'dispatch',
      native: false
    },
    {
      column: 5,
      file: 'Z:\\Visual_Codes\\rudrax\\backend\\node_modules\\express\\lib\\router\\layer.js',
      function: 'Layer.handle [as handle_request]',
      line: 95,
      method: 'handle [as handle_request]',
      native: false
    },
    {
      column: 15,
      file: 'Z:\\Visual_Codes\\rudrax\\backend\\node_modules\\express\\lib\\router\\index.js',
      function: null,
      line: 284,
      method: null,
      native: false
    },
    {
      column: 12,
      file: 'Z:\\Visual_Codes\\rudrax\\backend\\node_modules\\express\\lib\\router\\index.js',
      function: 'Function.process_params',
      line: 346,
      method: 'process_params',
      native: false
    },
    {
      column: 10,
      file: 'Z:\\Visual_Codes\\rudrax\\backend\\node_modules\\express\\lib\\router\\index.js',
      function: 'next',
      line: 280,
      method: null,
      native: false
    },
    {
      column: 3,
      file: 'Z:\\Visual_Codes\\rudrax\\backend\\node_modules\\express\\lib\\router\\index.js',
      function: 'Function.handle',
      line: 175,
      method: 'handle',
      native: false
    },
    {
      column: 12,
      file: 'Z:\\Visual_Codes\\rudrax\\backend\\node_modules\\express\\lib\\router\\index.js',
      function: 'router',
      line: 47,
      method: null,
      native: false
    }
  ],
  [Symbol(level)]: 'error'
}
2025-12-28 20:00:12 [ERROR] unhandledRejection: err_logger is not a function
TypeError: err_logger is not a function
    at getUserNotifications (Z:\Visual_Codes\rudrax\backend\controllers\notification\index.js:24:10)
    at Layer.handle [as handle_request] (Z:\Visual_Codes\rudrax\backend\node_modules\express\lib\router\layer.js:95:5)
    at next (Z:\Visual_Codes\rudrax\backend\node_modules\express\lib\router\route.js:149:13)
    at Route.dispatch (Z:\Visual_Codes\rudrax\backend\node_modules\express\lib\router\route.js:119:3)
    at Layer.handle [as handle_request] (Z:\Visual_Codes\rudrax\backend\node_modules\express\lib\router\layer.js:95:5)
    at Z:\Visual_Codes\rudrax\backend\node_modules\express\lib\router\index.js:284:15
    at Function.process_params (Z:\Visual_Codes\rudrax\backend\node_modules\express\lib\router\index.js:346:12)
    at next (Z:\Visual_Codes\rudrax\backend\node_modules\express\lib\router\index.js:280:10)
    at Function.handle (Z:\Visual_Codes\rudrax\backend\node_modules\express\lib\router\index.js:175:3)
    at router (Z:\Visual_Codes\rudrax\backend\node_modules\express\lib\router\index.js:47:12)
TypeError: err_logger is not a function
    at getUserNotifications (Z:\Visual_Codes\rudrax\backend\controllers\notification\index.js:24:10)
    at Layer.handle [as handle_request] (Z:\Visual_Codes\rudrax\backend\node_modules\express\lib\router\layer.js:95:5)
    at next (Z:\Visual_Codes\rudrax\backend\node_modules\express\lib\router\route.js:149:13)
    at Route.dispatch (Z:\Visual_Codes\rudrax\backend\node_modules\express\lib\router\route.js:119:3)
    at Layer.handle [as handle_request] (Z:\Visual_Codes\rudrax\backend\node_modules\express\lib\router\layer.js:95:5)
    at Z:\Visual_Codes\rudrax\backend\node_modules\express\lib\router\index.js:284:15
    at Function.process_params (Z:\Visual_Codes\rudrax\backend\node_modules\express\lib\router\index.js:346:12)
    at next (Z:\Visual_Codes\rudrax\backend\node_modules\express\lib\router\index.js:280:10)
    at Function.handle (Z:\Visual_Codes\rudrax\backend\node_modules\express\lib\router\index.js:175:3)
    at router (Z:\Visual_Codes\rudrax\backend\node_modules\express\lib\router\index.js:47:12)
{
  error: TypeError: err_logger is not a function
      at getUserNotifications (Z:\Visual_Codes\rudrax\backend\controllers\notification\index.js:24:10)
      at Layer.handle [as handle_request] (Z:\Visual_Codes\rudrax\backend\node_modules\express\lib\router\layer.js:95:5)
      at next (Z:\Visual_Codes\rudrax\backend\node_modules\express\lib\router\route.js:149:13)
      at Route.dispatch (Z:\Visual_Codes\rudrax\backend\node_modules\express\lib\router\route.js:119:3)
      at Layer.handle [as handle_request] (Z:\Visual_Codes\rudrax\backend\node_modules\express\lib\router\layer.js:95:5)
      at Z:\Visual_Codes\rudrax\backend\node_modules\express\lib\router\index.js:284:15
      at Function.process_params (Z:\Visual_Codes\rudrax\backend\node_modules\express\lib\router\index.js:346:12)
      at next (Z:\Visual_Codes\rudrax\backend\node_modules\express\lib\router\index.js:280:10)
      at Function.handle (Z:\Visual_Codes\rudrax\backend\node_modules\express\lib\router\index.js:175:3)
      at router (Z:\Visual_Codes\rudrax\backend\node_modules\express\lib\router\index.js:47:12),
  rejection: true,
  date: 'Sun Dec 28 2025 20:00:12 GMT+0530 (India Standard Time)',
  process: {
    pid: 13616,
    uid: null,
    gid: null,
    cwd: 'Z:\\Visual_Codes\\rudrax\\backend',
    execPath: 'C:\\Program Files\\nodejs\\node.exe',
    version: 'v22.11.0',
    argv: [
      'C:\\Program Files\\nodejs\\node.exe',
      'Z:\\Visual_Codes\\rudrax\\backend\\app.js'
    ],
    memoryUsage: {
      rss: 94572544,
      heapTotal: 62070784,
      heapUsed: 40113592,
      external: 2336779,
      arrayBuffers: 17671
    }
  },
  os: { loadavg: [ 0, 0, 0 ], uptime: 34001.609 },
  trace: [
    {
      column: 10,
      file: 'Z:\\Visual_Codes\\rudrax\\backend\\controllers\\notification\\index.js',
      function: 'getUserNotifications',
      line: 24,
      method: null,
      native: false
    },
    {
      column: 5,
      file: 'Z:\\Visual_Codes\\rudrax\\backend\\node_modules\\express\\lib\\router\\layer.js',
      function: 'Layer.handle [as handle_request]',
      line: 95,
      method: 'handle [as handle_request]',
      native: false
    },
    {
      column: 13,
      file: 'Z:\\Visual_Codes\\rudrax\\backend\\node_modules\\express\\lib\\router\\route.js',
      function: 'next',
      line: 149,
      method: null,
      native: false
    },
    {
      column: 3,
      file: 'Z:\\Visual_Codes\\rudrax\\backend\\node_modules\\express\\lib\\router\\route.js',
      function: 'Route.dispatch',
      line: 119,
      method: 'dispatch',
      native: false
    },
    {
      column: 5,
      file: 'Z:\\Visual_Codes\\rudrax\\backend\\node_modules\\express\\lib\\router\\layer.js',
      function: 'Layer.handle [as handle_request]',
      line: 95,
      method: 'handle [as handle_request]',
      native: false
    },
    {
      column: 15,
      file: 'Z:\\Visual_Codes\\rudrax\\backend\\node_modules\\express\\lib\\router\\index.js',
      function: null,
      line: 284,
      method: null,
      native: false
    },
    {
      column: 12,
      file: 'Z:\\Visual_Codes\\rudrax\\backend\\node_modules\\express\\lib\\router\\index.js',
      function: 'Function.process_params',
      line: 346,
      method: 'process_params',
      native: false
    },
    {
      column: 10,
      file: 'Z:\\Visual_Codes\\rudrax\\backend\\node_modules\\express\\lib\\router\\index.js',
      function: 'next',
      line: 280,
      method: null,
      native: false
    },
    {
      column: 3,
      file: 'Z:\\Visual_Codes\\rudrax\\backend\\node_modules\\express\\lib\\router\\index.js',
      function: 'Function.handle',
      line: 175,
      method: 'handle',
      native: false
    },
    {
      column: 12,
      file: 'Z:\\Visual_Codes\\rudrax\\backend\\node_modules\\express\\lib\\router\\index.js',
      function: 'router',
      line: 47,
      method: null,
      native: false
    }
  ],
  [Symbol(level)]: 'error'
}
2025-12-28 20:00:56 [ERROR] unhandledRejection: err_logger is not defined
ReferenceError: err_logger is not defined
    at getUserNotifications (Z:\Visual_Codes\rudrax\backend\controllers\notification\index.js:23:10)
    at Layer.handle [as handle_request] (Z:\Visual_Codes\rudrax\backend\node_modules\express\lib\router\layer.js:95:5)
    at next (Z:\Visual_Codes\rudrax\backend\node_modules\express\lib\router\route.js:149:13)
    at Route.dispatch (Z:\Visual_Codes\rudrax\backend\node_modules\express\lib\router\route.js:119:3)
    at Layer.handle [as handle_request] (Z:\Visual_Codes\rudrax\backend\node_modules\express\lib\router\layer.js:95:5)
    at Z:\Visual_Codes\rudrax\backend\node_modules\express\lib\router\index.js:284:15
    at Function.process_params (Z:\Visual_Codes\rudrax\backend\node_modules\express\lib\router\index.js:346:12)
    at next (Z:\Visual_Codes\rudrax\backend\node_modules\express\lib\router\index.js:280:10)
    at Function.handle (Z:\Visual_Codes\rudrax\backend\node_modules\express\lib\router\index.js:175:3)
    at router (Z:\Visual_Codes\rudrax\backend\node_modules\express\lib\router\index.js:47:12)
ReferenceError: err_logger is not defined
    at getUserNotifications (Z:\Visual_Codes\rudrax\backend\controllers\notification\index.js:23:10)
    at Layer.handle [as handle_request] (Z:\Visual_Codes\rudrax\backend\node_modules\express\lib\router\layer.js:95:5)
    at next (Z:\Visual_Codes\rudrax\backend\node_modules\express\lib\router\route.js:149:13)
    at Route.dispatch (Z:\Visual_Codes\rudrax\backend\node_modules\express\lib\router\route.js:119:3)
    at Layer.handle [as handle_request] (Z:\Visual_Codes\rudrax\backend\node_modules\express\lib\router\layer.js:95:5)
    at Z:\Visual_Codes\rudrax\backend\node_modules\express\lib\router\index.js:284:15
    at Function.process_params (Z:\Visual_Codes\rudrax\backend\node_modules\express\lib\router\index.js:346:12)
    at next (Z:\Visual_Codes\rudrax\backend\node_modules\express\lib\router\index.js:280:10)
    at Function.handle (Z:\Visual_Codes\rudrax\backend\node_modules\express\lib\router\index.js:175:3)
    at router (Z:\Visual_Codes\rudrax\backend\node_modules\express\lib\router\index.js:47:12)
{
  error: ReferenceError: err_logger is not defined
      at getUserNotifications (Z:\Visual_Codes\rudrax\backend\controllers\notification\index.js:23:10)
      at Layer.handle [as handle_request] (Z:\Visual_Codes\rudrax\backend\node_modules\express\lib\router\layer.js:95:5)
      at next (Z:\Visual_Codes\rudrax\backend\node_modules\express\lib\router\route.js:149:13)
      at Route.dispatch (Z:\Visual_Codes\rudrax\backend\node_modules\express\lib\router\route.js:119:3)
      at Layer.handle [as handle_request] (Z:\Visual_Codes\rudrax\backend\node_modules\express\lib\router\layer.js:95:5)
      at Z:\Visual_Codes\rudrax\backend\node_modules\express\lib\router\index.js:284:15
      at Function.process_params (Z:\Visual_Codes\rudrax\backend\node_modules\express\lib\router\index.js:346:12)
      at next (Z:\Visual_Codes\rudrax\backend\node_modules\express\lib\router\index.js:280:10)
      at Function.handle (Z:\Visual_Codes\rudrax\backend\node_modules\express\lib\router\index.js:175:3)
      at router (Z:\Visual_Codes\rudrax\backend\node_modules\express\lib\router\index.js:47:12),
  rejection: true,
  date: 'Sun Dec 28 2025 20:00:56 GMT+0530 (India Standard Time)',
  process: {
    pid: 9520,
    uid: null,
    gid: null,
    cwd: 'Z:\\Visual_Codes\\rudrax\\backend',
    execPath: 'C:\\Program Files\\nodejs\\node.exe',
    version: 'v22.11.0',
    argv: [
      'C:\\Program Files\\nodejs\\node.exe',
      'Z:\\Visual_Codes\\rudrax\\backend\\app.js'
    ],
    memoryUsage: {
      rss: 95002624,
      heapTotal: 62537728,
      heapUsed: 40907976,
      external: 2336779,
      arrayBuffers: 17671
    }
  },
  os: { loadavg: [ 0, 0, 0 ], uptime: 34045 },
  trace: [
    {
      column: 10,
      file: 'Z:\\Visual_Codes\\rudrax\\backend\\controllers\\notification\\index.js',
      function: 'getUserNotifications',
      line: 23,
      method: null,
      native: false
    },
    {
      column: 5,
      file: 'Z:\\Visual_Codes\\rudrax\\backend\\node_modules\\express\\lib\\router\\layer.js',
      function: 'Layer.handle [as handle_request]',
      line: 95,
      method: 'handle [as handle_request]',
      native: false
    },
    {
      column: 13,
      file: 'Z:\\Visual_Codes\\rudrax\\backend\\node_modules\\express\\lib\\router\\route.js',
      function: 'next',
      line: 149,
      method: null,
      native: false
    },
    {
      column: 3,
      file: 'Z:\\Visual_Codes\\rudrax\\backend\\node_modules\\express\\lib\\router\\route.js',
      function: 'Route.dispatch',
      line: 119,
      method: 'dispatch',
      native: false
    },
    {
      column: 5,
      file: 'Z:\\Visual_Codes\\rudrax\\backend\\node_modules\\express\\lib\\router\\layer.js',
      function: 'Layer.handle [as handle_request]',
      line: 95,
      method: 'handle [as handle_request]',
      native: false
    },
    {
      column: 15,
      file: 'Z:\\Visual_Codes\\rudrax\\backend\\node_modules\\express\\lib\\router\\index.js',
      function: null,
      line: 284,
      method: null,
      native: false
    },
    {
      column: 12,
      file: 'Z:\\Visual_Codes\\rudrax\\backend\\node_modules\\express\\lib\\router\\index.js',
      function: 'Function.process_params',
      line: 346,
      method: 'process_params',
      native: false
    },
    {
      column: 10,
      file: 'Z:\\Visual_Codes\\rudrax\\backend\\node_modules\\express\\lib\\router\\index.js',
      function: 'next',
      line: 280,
      method: null,
      native: false
    },
    {
      column: 3,
      file: 'Z:\\Visual_Codes\\rudrax\\backend\\node_modules\\express\\lib\\router\\index.js',
      function: 'Function.handle',
      line: 175,
      method: 'handle',
      native: false
    },
    {
      column: 12,
      file: 'Z:\\Visual_Codes\\rudrax\\backend\\node_modules\\express\\lib\\router\\index.js',
      function: 'router',
      line: 47,
      method: null,
      native: false
    }
  ],
  [Symbol(level)]: 'error'
}
