2025-12-28 19:56:25 [ERROR] uncaughtException: logger is not defined
ReferenceError: logger is not defined
    at getUserNotifications (Z:\Visual_Codes\rudrax\backend\controllers\notification\index.js:24:10)
    at Layer.handle [as handle_request] (Z:\Visual_Codes\rudrax\backend\node_modules\express\lib\router\layer.js:95:5)
    at next (Z:\Visual_Codes\rudrax\backend\node_modules\express\lib\router\route.js:149:13)
    at Route.dispatch (Z:\Visual_Codes\rudrax\backend\node_modules\express\lib\router\route.js:119:3)
    at Layer.handle [as handle_request] (Z:\Visual_Codes\rudrax\backend\node_modules\express\lib\router\layer.js:95:5)
    at Z:\Visual_Codes\rudrax\backend\node_modules\express\lib\router\index.js:284:15
    at Function.process_params (Z:\Visual_Codes\rudrax\backend\node_modules\express\lib\router\index.js:346:12)
    at next (Z:\Visual_Codes\rudrax\backend\node_modules\express\lib\router\index.js:280:10)
    at Function.handle (Z:\Visual_Codes\rudrax\backend\node_modules\express\lib\router\index.js:175:3)
    at router (Z:\Visual_Codes\rudrax\backend\node_modules\express\lib\router\index.js:47:12)
ReferenceError: logger is not defined
    at getUserNotifications (Z:\Visual_Codes\rudrax\backend\controllers\notification\index.js:24:10)
    at Layer.handle [as handle_request] (Z:\Visual_Codes\rudrax\backend\node_modules\express\lib\router\layer.js:95:5)
    at next (Z:\Visual_Codes\rudrax\backend\node_modules\express\lib\router\route.js:149:13)
    at Route.dispatch (Z:\Visual_Codes\rudrax\backend\node_modules\express\lib\router\route.js:119:3)
    at Layer.handle [as handle_request] (Z:\Visual_Codes\rudrax\backend\node_modules\express\lib\router\layer.js:95:5)
    at Z:\Visual_Codes\rudrax\backend\node_modules\express\lib\router\index.js:284:15
    at Function.process_params (Z:\Visual_Codes\rudrax\backend\node_modules\express\lib\router\index.js:346:12)
    at next (Z:\Visual_Codes\rudrax\backend\node_modules\express\lib\router\index.js:280:10)
    at Function.handle (Z:\Visual_Codes\rudrax\backend\node_modules\express\lib\router\index.js:175:3)
    at router (Z:\Visual_Codes\rudrax\backend\node_modules\express\lib\router\index.js:47:12)
{
  error: ReferenceError: logger is not defined
      at getUserNotifications (Z:\Visual_Codes\rudrax\backend\controllers\notification\index.js:24:10)
      at Layer.handle [as handle_request] (Z:\Visual_Codes\rudrax\backend\node_modules\express\lib\router\layer.js:95:5)
      at next (Z:\Visual_Codes\rudrax\backend\node_modules\express\lib\router\route.js:149:13)
      at Route.dispatch (Z:\Visual_Codes\rudrax\backend\node_modules\express\lib\router\route.js:119:3)
      at Layer.handle [as handle_request] (Z:\Visual_Codes\rudrax\backend\node_modules\express\lib\router\layer.js:95:5)
      at Z:\Visual_Codes\rudrax\backend\node_modules\express\lib\router\index.js:284:15
      at Function.process_params (Z:\Visual_Codes\rudrax\backend\node_modules\express\lib\router\index.js:346:12)
      at next (Z:\Visual_Codes\rudrax\backend\node_modules\express\lib\router\index.js:280:10)
      at Function.handle (Z:\Visual_Codes\rudrax\backend\node_modules\express\lib\router\index.js:175:3)
      at router (Z:\Visual_Codes\rudrax\backend\node_modules\express\lib\router\index.js:47:12),
  exception: true,
  date: 'Sun Dec 28 2025 19:56:25 GMT+0530 (India Standard Time)',
  process: {
    pid: 5380,
    uid: null,
    gid: null,
    cwd: 'Z:\\Visual_Codes\\rudrax\\backend',
    execPath: 'C:\\Program Files\\nodejs\\node.exe',
    version: 'v22.11.0',
    argv: [
      'C:\\Program Files\\nodejs\\node.exe',
      'Z:\\Visual_Codes\\rudrax\\backend\\app.js'
    ],
    memoryUsage: {
      rss: 53420032,
      heapTotal: 22200320,
      heapUsed: 20196376,
      external: 2350005,
      arrayBuffers: 30857
    }
  },
  os: { loadavg: [ 0, 0, 0 ], uptime: 33773.953 },
  trace: [
    {
      column: 10,
      file: 'Z:\\Visual_Codes\\rudrax\\backend\\controllers\\notification\\index.js',
      function: 'getUserNotifications',
      line: 24,
      method: null,
      native: false
    },
    {
      column: 5,
      file: 'Z:\\Visual_Codes\\rudrax\\backend\\node_modules\\express\\lib\\router\\layer.js',
      function: 'Layer.handle [as handle_request]',
      line: 95,
      method: 'handle [as handle_request]',
      native: false
    },
    {
      column: 13,
      file: 'Z:\\Visual_Codes\\rudrax\\backend\\node_modules\\express\\lib\\router\\route.js',
      function: 'next',
      line: 149,
      method: null,
      native: false
    },
    {
      column: 3,
      file: 'Z:\\Visual_Codes\\rudrax\\backend\\node_modules\\express\\lib\\router\\route.js',
      function: 'Route.dispatch',
      line: 119,
      method: 'dispatch',
      native: false
    },
    {
      column: 5,
      file: 'Z:\\Visual_Codes\\rudrax\\backend\\node_modules\\express\\lib\\router\\layer.js',
      function: 'Layer.handle [as handle_request]',
      line: 95,
      method: 'handle [as handle_request]',
      native: false
    },
    {
      column: 15,
      file: 'Z:\\Visual_Codes\\rudrax\\backend\\node_modules\\express\\lib\\router\\index.js',
      function: null,
      line: 284,
      method: null,
      native: false
    },
    {
      column: 12,
      file: 'Z:\\Visual_Codes\\rudrax\\backend\\node_modules\\express\\lib\\router\\index.js',
      function: 'Function.process_params',
      line: 346,
      method: 'process_params',
      native: false
    },
    {
      column: 10,
      file: 'Z:\\Visual_Codes\\rudrax\\backend\\node_modules\\express\\lib\\router\\index.js',
      function: 'next',
      line: 280,
      method: null,
      native: false
    },
    {
      column: 3,
      file: 'Z:\\Visual_Codes\\rudrax\\backend\\node_modules\\express\\lib\\router\\index.js',
      function: 'Function.handle',
      line: 175,
      method: 'handle',
      native: false
    },
    {
      column: 12,
      file: 'Z:\\Visual_Codes\\rudrax\\backend\\node_modules\\express\\lib\\router\\index.js',
      function: 'router',
      line: 47,
      method: null,
      native: false
    }
  ],
  [Symbol(level)]: 'error'
}
2025-12-28 19:57:09 [ERROR] uncaughtException: Cannot read properties of undefined (reading 'error')
TypeError: Cannot read properties of undefined (reading 'error')
    at getUserNotifications (Z:\Visual_Codes\rudrax\backend\controllers\notification\index.js:24:21)
    at Layer.handle [as handle_request] (Z:\Visual_Codes\rudrax\backend\node_modules\express\lib\router\layer.js:95:5)
    at next (Z:\Visual_Codes\rudrax\backend\node_modules\express\lib\router\route.js:149:13)
    at Route.dispatch (Z:\Visual_Codes\rudrax\backend\node_modules\express\lib\router\route.js:119:3)
    at Layer.handle [as handle_request] (Z:\Visual_Codes\rudrax\backend\node_modules\express\lib\router\layer.js:95:5)
    at Z:\Visual_Codes\rudrax\backend\node_modules\express\lib\router\index.js:284:15
    at Function.process_params (Z:\Visual_Codes\rudrax\backend\node_modules\express\lib\router\index.js:346:12)
    at next (Z:\Visual_Codes\rudrax\backend\node_modules\express\lib\router\index.js:280:10)
    at Function.handle (Z:\Visual_Codes\rudrax\backend\node_modules\express\lib\router\index.js:175:3)
    at router (Z:\Visual_Codes\rudrax\backend\node_modules\express\lib\router\index.js:47:12)
TypeError: Cannot read properties of undefined (reading 'error')
    at getUserNotifications (Z:\Visual_Codes\rudrax\backend\controllers\notification\index.js:24:21)
    at Layer.handle [as handle_request] (Z:\Visual_Codes\rudrax\backend\node_modules\express\lib\router\layer.js:95:5)
    at next (Z:\Visual_Codes\rudrax\backend\node_modules\express\lib\router\route.js:149:13)
    at Route.dispatch (Z:\Visual_Codes\rudrax\backend\node_modules\express\lib\router\route.js:119:3)
    at Layer.handle [as handle_request] (Z:\Visual_Codes\rudrax\backend\node_modules\express\lib\router\layer.js:95:5)
    at Z:\Visual_Codes\rudrax\backend\node_modules\express\lib\router\index.js:284:15
    at Function.process_params (Z:\Visual_Codes\rudrax\backend\node_modules\express\lib\router\index.js:346:12)
    at next (Z:\Visual_Codes\rudrax\backend\node_modules\express\lib\router\index.js:280:10)
    at Function.handle (Z:\Visual_Codes\rudrax\backend\node_modules\express\lib\router\index.js:175:3)
    at router (Z:\Visual_Codes\rudrax\backend\node_modules\express\lib\router\index.js:47:12)
{
  error: TypeError: Cannot read properties of undefined (reading 'error')
      at getUserNotifications (Z:\Visual_Codes\rudrax\backend\controllers\notification\index.js:24:21)
      at Layer.handle [as handle_request] (Z:\Visual_Codes\rudrax\backend\node_modules\express\lib\router\layer.js:95:5)
      at next (Z:\Visual_Codes\rudrax\backend\node_modules\express\lib\router\route.js:149:13)
      at Route.dispatch (Z:\Visual_Codes\rudrax\backend\node_modules\express\lib\router\route.js:119:3)
      at Layer.handle [as handle_request] (Z:\Visual_Codes\rudrax\backend\node_modules\express\lib\router\layer.js:95:5)
      at Z:\Visual_Codes\rudrax\backend\node_modules\express\lib\router\index.js:284:15
      at Function.process_params (Z:\Visual_Codes\rudrax\backend\node_modules\express\lib\router\index.js:346:12)
      at next (Z:\Visual_Codes\rudrax\backend\node_modules\express\lib\router\index.js:280:10)
      at Function.handle (Z:\Visual_Codes\rudrax\backend\node_modules\express\lib\router\index.js:175:3)
      at router (Z:\Visual_Codes\rudrax\backend\node_modules\express\lib\router\index.js:47:12),
  exception: true,
  date: 'Sun Dec 28 2025 19:57:09 GMT+0530 (India Standard Time)',
  process: {
    pid: 8640,
    uid: null,
    gid: null,
    cwd: 'Z:\\Visual_Codes\\rudrax\\backend',
    execPath: 'C:\\Program Files\\nodejs\\node.exe',
    version: 'v22.11.0',
    argv: [
      'C:\\Program Files\\nodejs\\node.exe',
      'Z:\\Visual_Codes\\rudrax\\backend\\app.js'
    ],
    memoryUsage: {
      rss: 95199232,
      heapTotal: 62799872,
      heapUsed: 41220192,
      external: 2349369,
      arrayBuffers: 30221
    }
  },
  os: { loadavg: [ 0, 0, 0 ], uptime: 33818.484 },
  trace: [
    {
      column: 21,
      file: 'Z:\\Visual_Codes\\rudrax\\backend\\controllers\\notification\\index.js',
      function: 'getUserNotifications',
      line: 24,
      method: null,
      native: false
    },
    {
      column: 5,
      file: 'Z:\\Visual_Codes\\rudrax\\backend\\node_modules\\express\\lib\\router\\layer.js',
      function: 'Layer.handle [as handle_request]',
      line: 95,
      method: 'handle [as handle_request]',
      native: false
    },
    {
      column: 13,
      file: 'Z:\\Visual_Codes\\rudrax\\backend\\node_modules\\express\\lib\\router\\route.js',
      function: 'next',
      line: 149,
      method: null,
      native: false
    },
    {
      column: 3,
      file: 'Z:\\Visual_Codes\\rudrax\\backend\\node_modules\\express\\lib\\router\\route.js',
      function: 'Route.dispatch',
      line: 119,
      method: 'dispatch',
      native: false
    },
    {
      column: 5,
      file: 'Z:\\Visual_Codes\\rudrax\\backend\\node_modules\\express\\lib\\router\\layer.js',
      function: 'Layer.handle [as handle_request]',
      line: 95,
      method: 'handle [as handle_request]',
      native: false
    },
    {
      column: 15,
      file: 'Z:\\Visual_Codes\\rudrax\\backend\\node_modules\\express\\lib\\router\\index.js',
      function: null,
      line: 284,
      method: null,
      native: false
    },
    {
      column: 12,
      file: 'Z:\\Visual_Codes\\rudrax\\backend\\node_modules\\express\\lib\\router\\index.js',
      function: 'Function.process_params',
      line: 346,
      method: 'process_params',
      native: false
    },
    {
      column: 10,
      file: 'Z:\\Visual_Codes\\rudrax\\backend\\node_modules\\express\\lib\\router\\index.js',
      function: 'next',
      line: 280,
      method: null,
      native: false
    },
    {
      column: 3,
      file: 'Z:\\Visual_Codes\\rudrax\\backend\\node_modules\\express\\lib\\router\\index.js',
      function: 'Function.handle',
      line: 175,
      method: 'handle',
      native: false
    },
    {
      column: 12,
      file: 'Z:\\Visual_Codes\\rudrax\\backend\\node_modules\\express\\lib\\router\\index.js',
      function: 'router',
      line: 47,
      method: null,
      native: false
    }
  ],
  [Symbol(level)]: 'error'
}
2025-12-28 20:00:12 [ERROR] uncaughtException: err_logger is not a function
TypeError: err_logger is not a function
    at getUserNotifications (Z:\Visual_Codes\rudrax\backend\controllers\notification\index.js:24:10)
    at Layer.handle [as handle_request] (Z:\Visual_Codes\rudrax\backend\node_modules\express\lib\router\layer.js:95:5)
    at next (Z:\Visual_Codes\rudrax\backend\node_modules\express\lib\router\route.js:149:13)
    at Route.dispatch (Z:\Visual_Codes\rudrax\backend\node_modules\express\lib\router\route.js:119:3)
    at Layer.handle [as handle_request] (Z:\Visual_Codes\rudrax\backend\node_modules\express\lib\router\layer.js:95:5)
    at Z:\Visual_Codes\rudrax\backend\node_modules\express\lib\router\index.js:284:15
    at Function.process_params (Z:\Visual_Codes\rudrax\backend\node_modules\express\lib\router\index.js:346:12)
    at next (Z:\Visual_Codes\rudrax\backend\node_modules\express\lib\router\index.js:280:10)
    at Function.handle (Z:\Visual_Codes\rudrax\backend\node_modules\express\lib\router\index.js:175:3)
    at router (Z:\Visual_Codes\rudrax\backend\node_modules\express\lib\router\index.js:47:12)
TypeError: err_logger is not a function
    at getUserNotifications (Z:\Visual_Codes\rudrax\backend\controllers\notification\index.js:24:10)
    at Layer.handle [as handle_request] (Z:\Visual_Codes\rudrax\backend\node_modules\express\lib\router\layer.js:95:5)
    at next (Z:\Visual_Codes\rudrax\backend\node_modules\express\lib\router\route.js:149:13)
    at Route.dispatch (Z:\Visual_Codes\rudrax\backend\node_modules\express\lib\router\route.js:119:3)
    at Layer.handle [as handle_request] (Z:\Visual_Codes\rudrax\backend\node_modules\express\lib\router\layer.js:95:5)
    at Z:\Visual_Codes\rudrax\backend\node_modules\express\lib\router\index.js:284:15
    at Function.process_params (Z:\Visual_Codes\rudrax\backend\node_modules\express\lib\router\index.js:346:12)
    at next (Z:\Visual_Codes\rudrax\backend\node_modules\express\lib\router\index.js:280:10)
    at Function.handle (Z:\Visual_Codes\rudrax\backend\node_modules\express\lib\router\index.js:175:3)
    at router (Z:\Visual_Codes\rudrax\backend\node_modules\express\lib\router\index.js:47:12)
{
  error: TypeError: err_logger is not a function
      at getUserNotifications (Z:\Visual_Codes\rudrax\backend\controllers\notification\index.js:24:10)
      at Layer.handle [as handle_request] (Z:\Visual_Codes\rudrax\backend\node_modules\express\lib\router\layer.js:95:5)
      at next (Z:\Visual_Codes\rudrax\backend\node_modules\express\lib\router\route.js:149:13)
      at Route.dispatch (Z:\Visual_Codes\rudrax\backend\node_modules\express\lib\router\route.js:119:3)
      at Layer.handle [as handle_request] (Z:\Visual_Codes\rudrax\backend\node_modules\express\lib\router\layer.js:95:5)
      at Z:\Visual_Codes\rudrax\backend\node_modules\express\lib\router\index.js:284:15
      at Function.process_params (Z:\Visual_Codes\rudrax\backend\node_modules\express\lib\router\index.js:346:12)
      at next (Z:\Visual_Codes\rudrax\backend\node_modules\express\lib\router\index.js:280:10)
      at Function.handle (Z:\Visual_Codes\rudrax\backend\node_modules\express\lib\router\index.js:175:3)
      at router (Z:\Visual_Codes\rudrax\backend\node_modules\express\lib\router\index.js:47:12),
  exception: true,
  date: 'Sun Dec 28 2025 20:00:12 GMT+0530 (India Standard Time)',
  process: {
    pid: 13616,
    uid: null,
    gid: null,
    cwd: 'Z:\\Visual_Codes\\rudrax\\backend',
    execPath: 'C:\\Program Files\\nodejs\\node.exe',
    version: 'v22.11.0',
    argv: [
      'C:\\Program Files\\nodejs\\node.exe',
      'Z:\\Visual_Codes\\rudrax\\backend\\app.js'
    ],
    memoryUsage: {
      rss: 94838784,
      heapTotal: 62332928,
      heapUsed: 40390608,
      external: 2349171,
      arrayBuffers: 30023
    }
  },
  os: { loadavg: [ 0, 0, 0 ], uptime: 34001.625 },
  trace: [
    {
      column: 10,
      file: 'Z:\\Visual_Codes\\rudrax\\backend\\controllers\\notification\\index.js',
      function: 'getUserNotifications',
      line: 24,
      method: null,
      native: false
    },
    {
      column: 5,
      file: 'Z:\\Visual_Codes\\rudrax\\backend\\node_modules\\express\\lib\\router\\layer.js',
      function: 'Layer.handle [as handle_request]',
      line: 95,
      method: 'handle [as handle_request]',
      native: false
    },
    {
      column: 13,
      file: 'Z:\\Visual_Codes\\rudrax\\backend\\node_modules\\express\\lib\\router\\route.js',
      function: 'next',
      line: 149,
      method: null,
      native: false
    },
    {
      column: 3,
      file: 'Z:\\Visual_Codes\\rudrax\\backend\\node_modules\\express\\lib\\router\\route.js',
      function: 'Route.dispatch',
      line: 119,
      method: 'dispatch',
      native: false
    },
    {
      column: 5,
      file: 'Z:\\Visual_Codes\\rudrax\\backend\\node_modules\\express\\lib\\router\\layer.js',
      function: 'Layer.handle [as handle_request]',
      line: 95,
      method: 'handle [as handle_request]',
      native: false
    },
    {
      column: 15,
      file: 'Z:\\Visual_Codes\\rudrax\\backend\\node_modules\\express\\lib\\router\\index.js',
      function: null,
      line: 284,
      method: null,
      native: false
    },
    {
      column: 12,
      file: 'Z:\\Visual_Codes\\rudrax\\backend\\node_modules\\express\\lib\\router\\index.js',
      function: 'Function.process_params',
      line: 346,
      method: 'process_params',
      native: false
    },
    {
      column: 10,
      file: 'Z:\\Visual_Codes\\rudrax\\backend\\node_modules\\express\\lib\\router\\index.js',
      function: 'next',
      line: 280,
      method: null,
      native: false
    },
    {
      column: 3,
      file: 'Z:\\Visual_Codes\\rudrax\\backend\\node_modules\\express\\lib\\router\\index.js',
      function: 'Function.handle',
      line: 175,
      method: 'handle',
      native: false
    },
    {
      column: 12,
      file: 'Z:\\Visual_Codes\\rudrax\\backend\\node_modules\\express\\lib\\router\\index.js',
      function: 'router',
      line: 47,
      method: null,
      native: false
    }
  ],
  [Symbol(level)]: 'error'
}
2025-12-28 20:00:56 [ERROR] uncaughtException: err_logger is not defined
ReferenceError: err_logger is not defined
    at getUserNotifications (Z:\Visual_Codes\rudrax\backend\controllers\notification\index.js:23:10)
    at Layer.handle [as handle_request] (Z:\Visual_Codes\rudrax\backend\node_modules\express\lib\router\layer.js:95:5)
    at next (Z:\Visual_Codes\rudrax\backend\node_modules\express\lib\router\route.js:149:13)
    at Route.dispatch (Z:\Visual_Codes\rudrax\backend\node_modules\express\lib\router\route.js:119:3)
    at Layer.handle [as handle_request] (Z:\Visual_Codes\rudrax\backend\node_modules\express\lib\router\layer.js:95:5)
    at Z:\Visual_Codes\rudrax\backend\node_modules\express\lib\router\index.js:284:15
    at Function.process_params (Z:\Visual_Codes\rudrax\backend\node_modules\express\lib\router\index.js:346:12)
    at next (Z:\Visual_Codes\rudrax\backend\node_modules\express\lib\router\index.js:280:10)
    at Function.handle (Z:\Visual_Codes\rudrax\backend\node_modules\express\lib\router\index.js:175:3)
    at router (Z:\Visual_Codes\rudrax\backend\node_modules\express\lib\router\index.js:47:12)
ReferenceError: err_logger is not defined
    at getUserNotifications (Z:\Visual_Codes\rudrax\backend\controllers\notification\index.js:23:10)
    at Layer.handle [as handle_request] (Z:\Visual_Codes\rudrax\backend\node_modules\express\lib\router\layer.js:95:5)
    at next (Z:\Visual_Codes\rudrax\backend\node_modules\express\lib\router\route.js:149:13)
    at Route.dispatch (Z:\Visual_Codes\rudrax\backend\node_modules\express\lib\router\route.js:119:3)
    at Layer.handle [as handle_request] (Z:\Visual_Codes\rudrax\backend\node_modules\express\lib\router\layer.js:95:5)
    at Z:\Visual_Codes\rudrax\backend\node_modules\express\lib\router\index.js:284:15
    at Function.process_params (Z:\Visual_Codes\rudrax\backend\node_modules\express\lib\router\index.js:346:12)
    at next (Z:\Visual_Codes\rudrax\backend\node_modules\express\lib\router\index.js:280:10)
    at Function.handle (Z:\Visual_Codes\rudrax\backend\node_modules\express\lib\router\index.js:175:3)
    at router (Z:\Visual_Codes\rudrax\backend\node_modules\express\lib\router\index.js:47:12)
{
  error: ReferenceError: err_logger is not defined
      at getUserNotifications (Z:\Visual_Codes\rudrax\backend\controllers\notification\index.js:23:10)
      at Layer.handle [as handle_request] (Z:\Visual_Codes\rudrax\backend\node_modules\express\lib\router\layer.js:95:5)
      at next (Z:\Visual_Codes\rudrax\backend\node_modules\express\lib\router\route.js:149:13)
      at Route.dispatch (Z:\Visual_Codes\rudrax\backend\node_modules\express\lib\router\route.js:119:3)
      at Layer.handle [as handle_request] (Z:\Visual_Codes\rudrax\backend\node_modules\express\lib\router\layer.js:95:5)
      at Z:\Visual_Codes\rudrax\backend\node_modules\express\lib\router\index.js:284:15
      at Function.process_params (Z:\Visual_Codes\rudrax\backend\node_modules\express\lib\router\index.js:346:12)
      at next (Z:\Visual_Codes\rudrax\backend\node_modules\express\lib\router\index.js:280:10)
      at Function.handle (Z:\Visual_Codes\rudrax\backend\node_modules\express\lib\router\index.js:175:3)
      at router (Z:\Visual_Codes\rudrax\backend\node_modules\express\lib\router\index.js:47:12),
  exception: true,
  date: 'Sun Dec 28 2025 20:00:56 GMT+0530 (India Standard Time)',
  process: {
    pid: 9520,
    uid: null,
    gid: null,
    cwd: 'Z:\\Visual_Codes\\rudrax\\backend',
    execPath: 'C:\\Program Files\\nodejs\\node.exe',
    version: 'v22.11.0',
    argv: [
      'C:\\Program Files\\nodejs\\node.exe',
      'Z:\\Visual_Codes\\rudrax\\backend\\app.js'
    ],
    memoryUsage: {
      rss: 95227904,
      heapTotal: 62537728,
      heapUsed: 41184808,
      external: 2349167,
      arrayBuffers: 30019
    }
  },
  os: { loadavg: [ 0, 0, 0 ], uptime: 34045 },
  trace: [
    {
      column: 10,
      file: 'Z:\\Visual_Codes\\rudrax\\backend\\controllers\\notification\\index.js',
      function: 'getUserNotifications',
      line: 23,
      method: null,
      native: false
    },
    {
      column: 5,
      file: 'Z:\\Visual_Codes\\rudrax\\backend\\node_modules\\express\\lib\\router\\layer.js',
      function: 'Layer.handle [as handle_request]',
      line: 95,
      method: 'handle [as handle_request]',
      native: false
    },
    {
      column: 13,
      file: 'Z:\\Visual_Codes\\rudrax\\backend\\node_modules\\express\\lib\\router\\route.js',
      function: 'next',
      line: 149,
      method: null,
      native: false
    },
    {
      column: 3,
      file: 'Z:\\Visual_Codes\\rudrax\\backend\\node_modules\\express\\lib\\router\\route.js',
      function: 'Route.dispatch',
      line: 119,
      method: 'dispatch',
      native: false
    },
    {
      column: 5,
      file: 'Z:\\Visual_Codes\\rudrax\\backend\\node_modules\\express\\lib\\router\\layer.js',
      function: 'Layer.handle [as handle_request]',
      line: 95,
      method: 'handle [as handle_request]',
      native: false
    },
    {
      column: 15,
      file: 'Z:\\Visual_Codes\\rudrax\\backend\\node_modules\\express\\lib\\router\\index.js',
      function: null,
      line: 284,
      method: null,
      native: false
    },
    {
      column: 12,
      file: 'Z:\\Visual_Codes\\rudrax\\backend\\node_modules\\express\\lib\\router\\index.js',
      function: 'Function.process_params',
      line: 346,
      method: 'process_params',
      native: false
    },
    {
      column: 10,
      file: 'Z:\\Visual_Codes\\rudrax\\backend\\node_modules\\express\\lib\\router\\index.js',
      function: 'next',
      line: 280,
      method: null,
      native: false
    },
    {
      column: 3,
      file: 'Z:\\Visual_Codes\\rudrax\\backend\\node_modules\\express\\lib\\router\\index.js',
      function: 'Function.handle',
      line: 175,
      method: 'handle',
      native: false
    },
    {
      column: 12,
      file: 'Z:\\Visual_Codes\\rudrax\\backend\\node_modules\\express\\lib\\router\\index.js',
      function: 'router',
      line: 47,
      method: null,
      native: false
    }
  ],
  [Symbol(level)]: 'error'
}
